Release 13.2 - xst O.61xd (nt64)
Copyright (c) 1995-2011 Xilinx, Inc.  All rights reserved.
--> Parameter TMPDIR set to xst/projnav.tmp


Total REAL time to Xst completion: 0.00 secs
Total CPU time to Xst completion: 0.08 secs
 
--> Parameter xsthdpdir set to xst


Total REAL time to Xst completion: 0.00 secs
Total CPU time to Xst completion: 0.08 secs
 
--> Reading design: cla_32.prj

TABLE OF CONTENTS
  1) Synthesis Options Summary
  2) HDL Parsing
  3) HDL Elaboration
  4) HDL Synthesis
       4.1) HDL Synthesis Report
  5) Advanced HDL Synthesis
       5.1) Advanced HDL Synthesis Report
  6) Low Level Synthesis
  7) Partition Report
  8) Design Summary
       8.1) Primitive and Black Box Usage
       8.2) Device utilization summary
       8.3) Partition Resource Summary
       8.4) Timing Report
            8.4.1) Clock Information
            8.4.2) Asynchronous Control Signals Information
            8.4.3) Timing Summary
            8.4.4) Timing Details
            8.4.5) Cross Clock Domains Report


=========================================================================
*                      Synthesis Options Summary                        *
=========================================================================
---- Source Parameters
Input File Name                    : "cla_32.prj"
Input Format                       : mixed
Ignore Synthesis Constraint File   : NO

---- Target Parameters
Output File Name                   : "cla_32"
Output Format                      : NGC
Target Device                      : xc6slx16-3-csg324

---- Source Options
Top Module Name                    : cla_32
Automatic FSM Extraction           : YES
FSM Encoding Algorithm             : Auto
Safe Implementation                : No
FSM Style                          : LUT
RAM Extraction                     : Yes
RAM Style                          : Auto
ROM Extraction                     : Yes
Shift Register Extraction          : YES
ROM Style                          : Auto
Resource Sharing                   : YES
Asynchronous To Synchronous        : NO
Shift Register Minimum Size        : 2
Use DSP Block                      : Auto
Automatic Register Balancing       : No

---- Target Options
LUT Combining                      : Auto
Reduce Control Sets                : Auto
Add IO Buffers                     : YES
Global Maximum Fanout              : 100000
Add Generic Clock Buffer(BUFG)     : 16
Register Duplication               : YES
Optimize Instantiated Primitives   : NO
Use Clock Enable                   : Auto
Use Synchronous Set                : Auto
Use Synchronous Reset              : Auto
Pack IO Registers into IOBs        : Auto
Equivalent register Removal        : YES

---- General Options
Optimization Goal                  : Speed
Optimization Effort                : 1
Power Reduction                    : NO
Keep Hierarchy                     : No
Netlist Hierarchy                  : As_Optimized
RTL Output                         : Yes
Global Optimization                : AllClockNets
Read Cores                         : YES
Write Timing Constraints           : NO
Cross Clock Analysis               : NO
Hierarchy Separator                : /
Bus Delimiter                      : <>
Case Specifier                     : Maintain
Slice Utilization Ratio            : 100
BRAM Utilization Ratio             : 100
DSP48 Utilization Ratio            : 100
Auto BRAM Packing                  : NO
Slice Utilization Ratio Delta      : 5

=========================================================================


=========================================================================
*                          HDL Parsing                                  *
=========================================================================
Analyzing Verilog file \"D:\Xilinx\workshop\ex5sum\g_p.v\" into library work
Parsing module <g_p>.
Analyzing Verilog file \"D:\Xilinx\workshop\ex5sum\cla_1.v\" into library work
Parsing module <cla_1>.
Analyzing Verilog file \"D:\Xilinx\workshop\ex5sum\cla_2.v\" into library work
Parsing module <cla_2>.
Analyzing Verilog file \"D:\Xilinx\workshop\ex5sum\cla_4.v\" into library work
Parsing module <cla_4>.
Analyzing Verilog file \"D:\Xilinx\workshop\ex5sum\cla_8.v\" into library work
Parsing module <cla_8>.
Analyzing Verilog file \"D:\Xilinx\workshop\ex5sum\cla_16.v\" into library work
Parsing module <cla_16>.
Analyzing Verilog file \"D:\Xilinx\workshop\ex5sum\cla_32.v\" into library work
Parsing module <cla_32>.

=========================================================================
*                            HDL Elaboration                            *
=========================================================================

Elaborating module <cla_32>.

Elaborating module <cla_16>.

Elaborating module <cla_8>.

Elaborating module <cla_4>.

Elaborating module <cla_2>.

Elaborating module <cla_1>.

Elaborating module <g_p>.

=========================================================================
*                           HDL Synthesis                               *
=========================================================================

Synthesizing Unit <cla_32>.
    Related source file is "d:/xilinx/workshop/ex5sum/cla_32.v".
    Summary:
	no macro.
Unit <cla_32> synthesized.

Synthesizing Unit <cla_16>.
    Related source file is "d:/xilinx/workshop/ex5sum/cla_16.v".
    Summary:
	no macro.
Unit <cla_16> synthesized.

Synthesizing Unit <cla_8>.
    Related source file is "d:/xilinx/workshop/ex5sum/cla_8.v".
    Summary:
	no macro.
Unit <cla_8> synthesized.

Synthesizing Unit <cla_4>.
    Related source file is "d:/xilinx/workshop/ex5sum/cla_4.v".
    Summary:
	no macro.
Unit <cla_4> synthesized.

Synthesizing Unit <cla_2>.
    Related source file is "d:/xilinx/workshop/ex5sum/cla_2.v".
    Summary:
	no macro.
Unit <cla_2> synthesized.

Synthesizing Unit <cla_1>.
    Related source file is "d:/xilinx/workshop/ex5sum/cla_1.v".
    Summary:
Unit <cla_1> synthesized.

Synthesizing Unit <g_p>.
    Related source file is "d:/xilinx/workshop/ex5sum/g_p.v".
    Summary:
	no macro.
Unit <g_p> synthesized.

=========================================================================
HDL Synthesis Report

Macro Statistics
# Xors                                                 : 64
 1-bit xor2                                            : 64

=========================================================================

=========================================================================
*                       Advanced HDL Synthesis                          *
=========================================================================


=========================================================================
Advanced HDL Synthesis Report

Macro Statistics
# Xors                                                 : 64
 1-bit xor2                                            : 64

=========================================================================

=========================================================================
*                         Low Level Synthesis                           *
=========================================================================

Optimizing unit <cla_32> ...

Mapping all equations...
Building and optimizing final netlist ...
Found area constraint ratio of 100 (+ 5) on block cla_32, actual ratio is 1.

Final Macro Processing ...

=========================================================================
Final Register Report

Found no macro
=========================================================================

=========================================================================
*                           Partition Report                            *
=========================================================================

Partition Implementation Status
-------------------------------

  No Partitions were found in this design.

-------------------------------

=========================================================================
*                            Design Summary                             *
=========================================================================

Top Level Output File Name         : cla_32.ngc

Primitive and Black Box Usage:
------------------------------
# BELS                             : 88
#      LUT2                        : 32
#      LUT3                        : 4
#      LUT4                        : 13
#      LUT5                        : 8
#      LUT6                        : 31
# IO Buffers                       : 99
#      IBUF                        : 65
#      OBUF                        : 34

Device utilization summary:
---------------------------

Selected Device : 6slx16csg324-3 


Slice Logic Utilization: 
 Number of Slice LUTs:                   88  out of   9112     0%  
    Number used as Logic:                88  out of   9112     0%  

Slice Logic Distribution: 
 Number of LUT Flip Flop pairs used:     88
   Number with an unused Flip Flop:      88  out of     88   100%  
   Number with an unused LUT:             0  out of     88     0%  
   Number of fully used LUT-FF pairs:     0  out of     88     0%  
   Number of unique control sets:         0

IO Utilization: 
 Number of IOs:                          99
 Number of bonded IOBs:                  99  out of    232    42%  

Specific Feature Utilization:

---------------------------
Partition Resource Summary:
---------------------------

  No Partitions were found in this design.

---------------------------


=========================================================================
Timing Report

NOTE: THESE TIMING NUMBERS ARE ONLY A SYNTHESIS ESTIMATE.
      FOR ACCURATE TIMING INFORMATION PLEASE REFER TO THE TRACE REPORT
      GENERATED AFTER PLACE-and-ROUTE.

Clock Information:
------------------
No clock signals found in this design

Asynchronous Control Signals Information:
----------------------------------------
No asynchronous control signals found in this design

Timing Summary:
---------------
Speed Grade: -3

   Minimum period: No path found
   Minimum input arrival time before clock: No path found
   Maximum output required time after clock: No path found
   Maximum combinational path delay: 21.388ns

Timing Details:
---------------
All values displayed in nanoseconds (ns)

=========================================================================
Timing constraint: Default path analysis
  Total number of paths / destination ports: 20020 / 34
-------------------------------------------------------------------------
Delay:               21.388ns (Levels of Logic = 19)
  Source:            a<3> (PAD)
  Destination:       g_out (PAD)

  Data Path: a<3> to g_out
                                Gate     Net
    Cell:in->out      fanout   Delay   Delay  Logical Name (Net Name)
    ----------------------------------------  ------------
     IBUF:I->O             4   1.222   0.931  a_3_IBUF (a_3_IBUF)
     LUT4:I0->O            1   0.203   0.580  cla_160/cla_80/g_p2/c_out_SW0 (N18)
     LUT6:I5->O            3   0.205   0.651  cla_160/cla_80/g_p2/c_out (cla_160/cla_80/c_out)
     LUT6:I5->O            1   0.205   0.580  cla_160/cla_80/cla_41/cla_21/g_p1/p_out11 (cla_160/cla_80/cla_41/cla_21/g_p1/p_out1)
     LUT4:I3->O            3   0.205   0.995  cla_160/cla_80/cla_41/cla_21/g_p1/p_out2 (cla_160/cla_80/cla_41/p<1>)
     LUT6:I1->O            3   0.203   1.015  cla_160/cla_80/g_p2/p[1]_g[0]_AND_2_o (cla_160/cla_80/g_p2/p[1]_g[0]_AND_2_o)
     LUT6:I0->O            2   0.203   0.845  cla_160/cla_81/cla_40/g_p4/c_out (cla_160/cla_81/cla_40/c_out)
     LUT5:I2->O            3   0.205   0.898  cla_160/cla_81/cla_40/cla_21/g_p1/p_out1 (cla_160/cla_81/cla_40/p<1>)
     LUT6:I2->O            4   0.203   0.684  g_p16/c_out (c_out)
     LUT4:I3->O            1   0.205   0.580  cla_161/cla_80/g_p2/c_out_SW0 (N22)
     LUT6:I5->O            4   0.205   0.684  cla_161/cla_80/g_p2/c_out (cla_161/cla_80/c_out)
     LUT6:I5->O            1   0.205   0.580  cla_161/cla_80/cla_41/cla_21/g_p1/p_out11 (cla_161/cla_80/cla_41/cla_21/g_p1/p_out1)
     LUT4:I3->O            4   0.205   1.028  cla_161/cla_80/cla_41/cla_21/g_p1/p_out2 (cla_161/cla_80/cla_41/p<1>)
     LUT6:I1->O            3   0.203   0.879  cla_161/cla_80/g_p2/p[1]_g[0]_AND_2_o (cla_161/cla_80/g_p2/p[1]_g[0]_AND_2_o)
     LUT5:I2->O            1   0.205   0.808  cla_161/cla_81/g_p2/p_out11 (cla_161/cla_81/g_p2/p_out1)
     LUT6:I3->O            1   0.205   0.827  cla_161/cla_81/g_p2/p_out3 (cla_161/cla_81/g_p2/p_out3)
     LUT4:I0->O            2   0.203   0.981  cla_161/cla_81/g_p2/p_out4 (cla_161/p<1>)
     LUT6:I0->O            1   0.203   0.579  g_p16/g_out9 (g_out_OBUF)
     OBUF:I->O                 2.571          g_out_OBUF (g_out)
    ----------------------------------------
    Total                     21.388ns (7.264ns logic, 14.124ns route)
                                       (34.0% logic, 66.0% route)

=========================================================================

Cross Clock Domains Report:
--------------------------

=========================================================================


Total REAL time to Xst completion: 5.00 secs
Total CPU time to Xst completion: 5.54 secs
 
--> 

Total memory usage is 246904 kilobytes

Number of errors   :    0 (   0 filtered)
Number of warnings :    0 (   0 filtered)
Number of infos    :    0 (   0 filtered)

