Release 13.2 - ngc2edif O.61xd (nt64)
Copyright (c) 1995-2011 Xilinx, Inc.  All rights reserved.
Reading design cla_32_final.ngc ...
WARNING:NetListWriters:298 - No output is written to cla_32_final.xncf, ignored.
Processing design ...
   Preping design's networks ...
   Preping design's macros ...
  finished :Prep
Writing EDIF netlist file cla_32_final.edif ...
ngc2edif: Total memory usage is 74360 kilobytes

Release 13.2 - ngc2edif O.61xd (nt64)
Copyright (c) 1995-2011 Xilinx, Inc.  All rights reserved.
Reading design cla_32_final.ngc ...
WARNING:NetListWriters:298 - No output is written to cla_32_final.xncf, ignored.
Processing design ...
   Preping design's networks ...
   Preping design's macros ...
  finished :Prep
Writing EDIF netlist file cla_32_final.edif ...
ngc2edif: Total memory usage is 74168 kilobytes

Release 13.2 - ngc2edif O.61xd (nt64)
Copyright (c) 1995-2011 Xilinx, Inc.  All rights reserved.
Reading design cla_32_final.ngc ...
WARNING:NetListWriters:298 - No output is written to cla_32_final.xncf, ignored.
Processing design ...
   Preping design's networks ...
   Preping design's macros ...
  finished :Prep
Writing EDIF netlist file cla_32_final.edif ...
ngc2edif: Total memory usage is 74616 kilobytes

