
****** PlanAhead v13.2 (64-bit)
  **** Build 131561 by hdbuild on Thu Jun 16 17:14:12 PDT 2011
    ** Copyright 1986-1999, 2001-2011 Xilinx, Inc. All Rights Reserved.

INFO: [Common-78] Attempting to get a license: PlanAhead
INFO: [Common-82] Got a license: PlanAhead
INFO: [Common-86] Your PlanAhead license expires in -854 day(s)
INFO: [ArchReader-0] Loading parts and site information from D:\Xilinx\ISE_DS\PlanAhead\parts\arch.xml
Parsing RTL primitives file [D:\Xilinx\ISE_DS\PlanAhead\parts\xilinx\rtl\prims\rtl_prims.xml]
Finished parsing RTL primitives file [D:\Xilinx\ISE_DS\PlanAhead\parts\xilinx\rtl\prims\rtl_prims.xml]
start_gui
starting gui ...
source D:/Xilinx/workshop/led2/pa.fromNetlist.tcl
# create_project -name led2 -dir "D:/Xilinx/workshop/led2/planAhead_run_2" -part xc6slx16csg324-3
Parsing template File [D:\Xilinx\ISE_DS\ISE\data\projnav\templates\verilog.xml].
Finished parsing template File [D:\Xilinx\ISE_DS\ISE\data\projnav\templates\verilog.xml].
Parsing template File [D:\Xilinx\ISE_DS\ISE\data\projnav\templates\vhdl.xml].
Finished parsing template File [D:\Xilinx\ISE_DS\ISE\data\projnav\templates\vhdl.xml].
Parsing template File [D:\Xilinx\ISE_DS\ISE\data\projnav\templates\ucf.xml].
Finished parsing template File [D:\Xilinx\ISE_DS\ISE\data\projnav\templates\ucf.xml].
create_project: Time (s): 12.519w.  Memory (MB): 499.219p 30.293g
exit
stop_gui
INFO: [PlanAhead-261] Exiting PlanAhead...
INFO: [Common-83] Releasing license: PlanAhead
