#-----------------------------------------------------------
# PlanAhead v13.2 (64-bit)
# Build 131561 by hdbuild on Thu Jun 16 17:14:12 PDT 2011
# Start of session at: Thu Oct 31 18:39:35 2013
# Process ID: 7060
# Log file: D:/Xilinx/workshop/led2/planAhead_run_3/planAhead.log
# Journal file: D:/Xilinx/workshop/led2/planAhead_run_3/planAhead.jou
#-----------------------------------------------------------
INFO: [Common-78] Attempting to get a license: PlanAhead
INFO: [Common-82] Got a license: PlanAhead
INFO: [Common-86] Your PlanAhead license expires in -854 day(s)
INFO: [ArchReader-0] Loading parts and site information from D:\Xilinx\ISE_DS\PlanAhead\parts\arch.xml
Parsing RTL primitives file [D:\Xilinx\ISE_DS\PlanAhead\parts\xilinx\rtl\prims\rtl_prims.xml]
Finished parsing RTL primitives file [D:\Xilinx\ISE_DS\PlanAhead\parts\xilinx\rtl\prims\rtl_prims.xml]
start_gui
source D:/Xilinx/workshop/led2/pa.fromNetlist.tcl
# create_project -name led2 -dir "D:/Xilinx/workshop/led2/planAhead_run_3" -part xc6slx16csg324-3
ERROR: [Common-53] User Exception: Project already exists on disk, please use '-force' option to overwrite: 
     D:\Xilinx\workshop\led2\planAhead_run_3\led2.ppr
     D:\Xilinx\workshop\led2\planAhead_run_3\led2.data

    while executing
"create_project -name led2 -dir "D:/Xilinx/workshop/led2/planAhead_run_3" -part xc6slx16csg324-3"
    (file "D:/Xilinx/workshop/led2/pa.fromNetlist.tcl" line 4)
exit
stop_gui
INFO: [PlanAhead-261] Exiting PlanAhead...
INFO: [Common-83] Releasing license: PlanAhead
