Release 13.2 - xst O.61xd (nt64)
Copyright (c) 1995-2011 Xilinx, Inc.  All rights reserved.
--> Parameter TMPDIR set to xst/projnav.tmp


Total REAL time to Xst completion: 0.00 secs
Total CPU time to Xst completion: 0.08 secs
 
--> Parameter xsthdpdir set to xst


Total REAL time to Xst completion: 0.00 secs
Total CPU time to Xst completion: 0.08 secs
 
--> Reading design: pcreg.prj

TABLE OF CONTENTS
  1) Synthesis Options Summary
  2) HDL Parsing
  3) HDL Elaboration
  4) HDL Synthesis
       4.1) HDL Synthesis Report
  5) Advanced HDL Synthesis
       5.1) Advanced HDL Synthesis Report
  6) Low Level Synthesis
  7) Partition Report
  8) Design Summary
       8.1) Primitive and Black Box Usage
       8.2) Device utilization summary
       8.3) Partition Resource Summary
       8.4) Timing Report
            8.4.1) Clock Information
            8.4.2) Asynchronous Control Signals Information
            8.4.3) Timing Summary
            8.4.4) Timing Details
            8.4.5) Cross Clock Domains Report


=========================================================================
*                      Synthesis Options Summary                        *
=========================================================================
---- Source Parameters
Input File Name                    : "pcreg.prj"
Input Format                       : mixed
Ignore Synthesis Constraint File   : NO

---- Target Parameters
Output File Name                   : "pcreg"
Output Format                      : NGC
Target Device                      : xc6slx16-3-csg324

---- Source Options
Top Module Name                    : pcreg
Automatic FSM Extraction           : YES
FSM Encoding Algorithm             : Auto
Safe Implementation                : No
FSM Style                          : LUT
RAM Extraction                     : Yes
RAM Style                          : Auto
ROM Extraction                     : Yes
Shift Register Extraction          : YES
ROM Style                          : Auto
Resource Sharing                   : YES
Asynchronous To Synchronous        : NO
Shift Register Minimum Size        : 2
Use DSP Block                      : Auto
Automatic Register Balancing       : No

---- Target Options
LUT Combining                      : Auto
Reduce Control Sets                : Auto
Add IO Buffers                     : YES
Global Maximum Fanout              : 100000
Add Generic Clock Buffer(BUFG)     : 16
Register Duplication               : YES
Optimize Instantiated Primitives   : NO
Use Clock Enable                   : Auto
Use Synchronous Set                : Auto
Use Synchronous Reset              : Auto
Pack IO Registers into IOBs        : Auto
Equivalent register Removal        : YES

---- General Options
Optimization Goal                  : Speed
Optimization Effort                : 1
Power Reduction                    : NO
Keep Hierarchy                     : No
Netlist Hierarchy                  : As_Optimized
RTL Output                         : Yes
Global Optimization                : AllClockNets
Read Cores                         : YES
Write Timing Constraints           : NO
Cross Clock Analysis               : NO
Hierarchy Separator                : /
Bus Delimiter                      : <>
Case Specifier                     : Maintain
Slice Utilization Ratio            : 100
BRAM Utilization Ratio             : 100
DSP48 Utilization Ratio            : 100
Auto BRAM Packing                  : NO
Slice Utilization Ratio Delta      : 5

=========================================================================


=========================================================================
*                          HDL Parsing                                  *
=========================================================================
Analyzing Verilog file \"D:\Xilinx\workshop\pcreg\pcreg.v\" into library work
Parsing module <pcreg>.

=========================================================================
*                            HDL Elaboration                            *
=========================================================================

Elaborating module <pcreg>.
WARNING:HDLCompiler:91 - "D:\Xilinx\workshop\pcreg\pcreg.v" Line 38: Signal <data_in> missing in the sensitivity list is added for synthesis purposes. HDL and post-synthesis simulations may differ as a result.

=========================================================================
*                           HDL Synthesis                               *
=========================================================================

Synthesizing Unit <pcreg>.
    Related source file is "d:/xilinx/workshop/pcreg/pcreg.v".
    Found 4-bit register for signal <data_out>.
    Found 6-bit adder for signal <n0388> created at line 55.
    Found 6-bit adder for signal <n0389> created at line 55.
    Found 6-bit adder for signal <n0390> created at line 55.
    Found 1-bit 32-to-1 multiplexer for signal <number[2]_temp[31]_Mux_13_o> created at line 55.
    Found 1-bit 32-to-1 multiplexer for signal <GND_1_o_temp[31]_Mux_15_o> created at line 55.
    Found 1-bit 32-to-1 multiplexer for signal <GND_1_o_temp[31]_Mux_17_o> created at line 55.
    Found 1-bit 32-to-1 multiplexer for signal <GND_1_o_temp[31]_Mux_19_o> created at line 55.
WARNING:Xst:737 - Found 1-bit latch for signal <temp<30>>. Latches may be generated from incomplete case or if statements. We do not recommend the use of latches in FPGA/CPLD designs, as they may lead to timing problems.
WARNING:Xst:737 - Found 1-bit latch for signal <temp<29>>. Latches may be generated from incomplete case or if statements. We do not recommend the use of latches in FPGA/CPLD designs, as they may lead to timing problems.
WARNING:Xst:737 - Found 1-bit latch for signal <temp<28>>. Latches may be generated from incomplete case or if statements. We do not recommend the use of latches in FPGA/CPLD designs, as they may lead to timing problems.
WARNING:Xst:737 - Found 1-bit latch for signal <temp<27>>. Latches may be generated from incomplete case or if statements. We do not recommend the use of latches in FPGA/CPLD designs, as they may lead to timing problems.
WARNING:Xst:737 - Found 1-bit latch for signal <temp<26>>. Latches may be generated from incomplete case or if statements. We do not recommend the use of latches in FPGA/CPLD designs, as they may lead to timing problems.
WARNING:Xst:737 - Found 1-bit latch for signal <temp<25>>. Latches may be generated from incomplete case or if statements. We do not recommend the use of latches in FPGA/CPLD designs, as they may lead to timing problems.
WARNING:Xst:737 - Found 1-bit latch for signal <temp<24>>. Latches may be generated from incomplete case or if statements. We do not recommend the use of latches in FPGA/CPLD designs, as they may lead to timing problems.
WARNING:Xst:737 - Found 1-bit latch for signal <temp<23>>. Latches may be generated from incomplete case or if statements. We do not recommend the use of latches in FPGA/CPLD designs, as they may lead to timing problems.
WARNING:Xst:737 - Found 1-bit latch for signal <temp<22>>. Latches may be generated from incomplete case or if statements. We do not recommend the use of latches in FPGA/CPLD designs, as they may lead to timing problems.
WARNING:Xst:737 - Found 1-bit latch for signal <temp<21>>. Latches may be generated from incomplete case or if statements. We do not recommend the use of latches in FPGA/CPLD designs, as they may lead to timing problems.
WARNING:Xst:737 - Found 1-bit latch for signal <temp<20>>. Latches may be generated from incomplete case or if statements. We do not recommend the use of latches in FPGA/CPLD designs, as they may lead to timing problems.
WARNING:Xst:737 - Found 1-bit latch for signal <temp<19>>. Latches may be generated from incomplete case or if statements. We do not recommend the use of latches in FPGA/CPLD designs, as they may lead to timing problems.
WARNING:Xst:737 - Found 1-bit latch for signal <temp<18>>. Latches may be generated from incomplete case or if statements. We do not recommend the use of latches in FPGA/CPLD designs, as they may lead to timing problems.
WARNING:Xst:737 - Found 1-bit latch for signal <temp<17>>. Latches may be generated from incomplete case or if statements. We do not recommend the use of latches in FPGA/CPLD designs, as they may lead to timing problems.
WARNING:Xst:737 - Found 1-bit latch for signal <temp<16>>. Latches may be generated from incomplete case or if statements. We do not recommend the use of latches in FPGA/CPLD designs, as they may lead to timing problems.
WARNING:Xst:737 - Found 1-bit latch for signal <temp<15>>. Latches may be generated from incomplete case or if statements. We do not recommend the use of latches in FPGA/CPLD designs, as they may lead to timing problems.
WARNING:Xst:737 - Found 1-bit latch for signal <temp<14>>. Latches may be generated from incomplete case or if statements. We do not recommend the use of latches in FPGA/CPLD designs, as they may lead to timing problems.
WARNING:Xst:737 - Found 1-bit latch for signal <temp<13>>. Latches may be generated from incomplete case or if statements. We do not recommend the use of latches in FPGA/CPLD designs, as they may lead to timing problems.
WARNING:Xst:737 - Found 1-bit latch for signal <temp<12>>. Latches may be generated from incomplete case or if statements. We do not recommend the use of latches in FPGA/CPLD designs, as they may lead to timing problems.
WARNING:Xst:737 - Found 1-bit latch for signal <temp<11>>. Latches may be generated from incomplete case or if statements. We do not recommend the use of latches in FPGA/CPLD designs, as they may lead to timing problems.
WARNING:Xst:737 - Found 1-bit latch for signal <temp<10>>. Latches may be generated from incomplete case or if statements. We do not recommend the use of latches in FPGA/CPLD designs, as they may lead to timing problems.
WARNING:Xst:737 - Found 1-bit latch for signal <temp<9>>. Latches may be generated from incomplete case or if statements. We do not recommend the use of latches in FPGA/CPLD designs, as they may lead to timing problems.
WARNING:Xst:737 - Found 1-bit latch for signal <temp<8>>. Latches may be generated from incomplete case or if statements. We do not recommend the use of latches in FPGA/CPLD designs, as they may lead to timing problems.
WARNING:Xst:737 - Found 1-bit latch for signal <temp<7>>. Latches may be generated from incomplete case or if statements. We do not recommend the use of latches in FPGA/CPLD designs, as they may lead to timing problems.
WARNING:Xst:737 - Found 1-bit latch for signal <temp<6>>. Latches may be generated from incomplete case or if statements. We do not recommend the use of latches in FPGA/CPLD designs, as they may lead to timing problems.
WARNING:Xst:737 - Found 1-bit latch for signal <temp<5>>. Latches may be generated from incomplete case or if statements. We do not recommend the use of latches in FPGA/CPLD designs, as they may lead to timing problems.
WARNING:Xst:737 - Found 1-bit latch for signal <temp<4>>. Latches may be generated from incomplete case or if statements. We do not recommend the use of latches in FPGA/CPLD designs, as they may lead to timing problems.
WARNING:Xst:737 - Found 1-bit latch for signal <temp<3>>. Latches may be generated from incomplete case or if statements. We do not recommend the use of latches in FPGA/CPLD designs, as they may lead to timing problems.
WARNING:Xst:737 - Found 1-bit latch for signal <temp<2>>. Latches may be generated from incomplete case or if statements. We do not recommend the use of latches in FPGA/CPLD designs, as they may lead to timing problems.
WARNING:Xst:737 - Found 1-bit latch for signal <temp<1>>. Latches may be generated from incomplete case or if statements. We do not recommend the use of latches in FPGA/CPLD designs, as they may lead to timing problems.
WARNING:Xst:737 - Found 1-bit latch for signal <temp<0>>. Latches may be generated from incomplete case or if statements. We do not recommend the use of latches in FPGA/CPLD designs, as they may lead to timing problems.
WARNING:Xst:737 - Found 1-bit latch for signal <temp<31>>. Latches may be generated from incomplete case or if statements. We do not recommend the use of latches in FPGA/CPLD designs, as they may lead to timing problems.
    Found 6-bit comparator lessequal for signal <n0002> created at line 38
    Found 6-bit comparator lessequal for signal <n0069> created at line 38
    Found 6-bit comparator lessequal for signal <n0136> created at line 38
    Summary:
	inferred   3 Adder/Subtractor(s).
	inferred   4 D-type flip-flop(s).
	inferred  32 Latch(s).
	inferred   3 Comparator(s).
	inferred 100 Multiplexer(s).
Unit <pcreg> synthesized.

=========================================================================
HDL Synthesis Report

Macro Statistics
# Adders/Subtractors                                   : 3
 6-bit adder                                           : 3
# Registers                                            : 1
 4-bit register                                        : 1
# Latches                                              : 32
 1-bit latch                                           : 32
# Comparators                                          : 3
 6-bit comparator lessequal                            : 3
# Multiplexers                                         : 100
 1-bit 2-to-1 multiplexer                              : 96
 1-bit 32-to-1 multiplexer                             : 4

=========================================================================

=========================================================================
*                       Advanced HDL Synthesis                          *
=========================================================================


=========================================================================
Advanced HDL Synthesis Report

Macro Statistics
# Adders/Subtractors                                   : 3
 6-bit adder                                           : 3
# Registers                                            : 4
 Flip-Flops                                            : 4
# Comparators                                          : 3
 6-bit comparator lessequal                            : 3
# Multiplexers                                         : 100
 1-bit 2-to-1 multiplexer                              : 96
 1-bit 32-to-1 multiplexer                             : 4

=========================================================================

=========================================================================
*                         Low Level Synthesis                           *
=========================================================================

Optimizing unit <pcreg> ...

Mapping all equations...
Building and optimizing final netlist ...
Found area constraint ratio of 100 (+ 5) on block pcreg, actual ratio is 0.

Final Macro Processing ...

=========================================================================
Final Register Report

Macro Statistics
# Registers                                            : 4
 Flip-Flops                                            : 4

=========================================================================

=========================================================================
*                           Partition Report                            *
=========================================================================

Partition Implementation Status
-------------------------------

  No Partitions were found in this design.

-------------------------------

=========================================================================
*                            Design Summary                             *
=========================================================================

Top Level Output File Name         : pcreg.ngc

Primitive and Black Box Usage:
------------------------------
# BELS                             : 45
#      LUT2                        : 1
#      LUT3                        : 8
#      LUT5                        : 24
#      LUT6                        : 8
#      MUXF7                       : 4
# FlipFlops/Latches                : 36
#      FDCE                        : 4
#      LDE                         : 32
# Clock Buffers                    : 2
#      BUFG                        : 1
#      BUFGP                       : 1
# IO Buffers                       : 14
#      IBUF                        : 10
#      OBUF                        : 4

Device utilization summary:
---------------------------

Selected Device : 6slx16csg324-3 


Slice Logic Utilization: 
 Number of Slice Registers:              32  out of  18224     0%  
 Number of Slice LUTs:                   41  out of   9112     0%  
    Number used as Logic:                41  out of   9112     0%  

Slice Logic Distribution: 
 Number of LUT Flip Flop pairs used:     48
   Number with an unused Flip Flop:      16  out of     48    33%  
   Number with an unused LUT:             7  out of     48    14%  
   Number of fully used LUT-FF pairs:    25  out of     48    52%  
   Number of unique control sets:         9

IO Utilization: 
 Number of IOs:                          15
 Number of bonded IOBs:                  15  out of    232     6%  
    IOB Flip Flops/Latches:               4

Specific Feature Utilization:
 Number of BUFG/BUFGCTRLs:                2  out of     16    12%  

---------------------------
Partition Resource Summary:
---------------------------

  No Partitions were found in this design.

---------------------------


=========================================================================
Timing Report

NOTE: THESE TIMING NUMBERS ARE ONLY A SYNTHESIS ESTIMATE.
      FOR ACCURATE TIMING INFORMATION PLEASE REFER TO THE TRACE REPORT
      GENERATED AFTER PLACE-and-ROUTE.

Clock Information:
------------------
-----------------------------------+------------------------+-------+
Clock Signal                       | Clock buffer(FF name)  | Load  |
-----------------------------------+------------------------+-------+
IOput                              | IBUF+BUFG              | 32    |
clk                                | BUFGP                  | 4     |
-----------------------------------+------------------------+-------+

Asynchronous Control Signals Information:
----------------------------------------
No asynchronous control signals found in this design

Timing Summary:
---------------
Speed Grade: -3

   Minimum period: No path found
   Minimum input arrival time before clock: 4.065ns
   Maximum output required time after clock: 3.597ns
   Maximum combinational path delay: No path found

Timing Details:
---------------
All values displayed in nanoseconds (ns)

=========================================================================
Timing constraint: Default OFFSET IN BEFORE for Clock 'IOput'
  Total number of paths / destination ports: 224 / 64
-------------------------------------------------------------------------
Offset:              4.065ns (Levels of Logic = 2)
  Source:            number<0> (PAD)
  Destination:       temp_23 (LATCH)
  Destination Clock: IOput falling

  Data Path: number<0> to temp_23
                                Gate     Net
    Cell:in->out      fanout   Delay   Delay  Logical Name (Net Name)
    ----------------------------------------  ------------
     IBUF:I->O            40   1.222   1.634  number_0_IBUF (number_0_IBUF)
     LUT3:I0->O            4   0.205   0.683  GND_1_o_BUS_0001_AND_73_o1 (GND_1_o_BUS_0001_AND_73_o)
     LDE:GE                    0.322          temp_21
    ----------------------------------------
    Total                      4.065ns (1.749ns logic, 2.316ns route)
                                       (43.0% logic, 57.0% route)

=========================================================================
Timing constraint: Default OFFSET IN BEFORE for Clock 'clk'
  Total number of paths / destination ports: 32 / 12
-------------------------------------------------------------------------
Offset:              3.437ns (Levels of Logic = 3)
  Source:            number<1> (PAD)
  Destination:       data_out_0 (FF)
  Destination Clock: clk rising

  Data Path: number<1> to data_out_0
                                Gate     Net
    Cell:in->out      fanout   Delay   Delay  Logical Name (Net Name)
    ----------------------------------------  ------------
     IBUF:I->O            40   1.222   1.770  number_1_IBUF (number_1_IBUF)
     LUT6:I0->O            1   0.203   0.000  Mmux_number[2]_temp[31]_Mux_13_o_3 (Mmux_number[2]_temp[31]_Mux_13_o_3)
     MUXF7:I1->O           1   0.140   0.000  Mmux_number[2]_temp[31]_Mux_13_o_2_f7 (number[2]_temp[31]_Mux_13_o)
     FDCE:D                    0.102          data_out_0
    ----------------------------------------
    Total                      3.437ns (1.667ns logic, 1.770ns route)
                                       (48.5% logic, 51.5% route)

=========================================================================
Timing constraint: Default OFFSET OUT AFTER for Clock 'clk'
  Total number of paths / destination ports: 4 / 4
-------------------------------------------------------------------------
Offset:              3.597ns (Levels of Logic = 1)
  Source:            data_out_3 (FF)
  Destination:       data_out<3> (PAD)
  Source Clock:      clk rising

  Data Path: data_out_3 to data_out<3>
                                Gate     Net
    Cell:in->out      fanout   Delay   Delay  Logical Name (Net Name)
    ----------------------------------------  ------------
     FDCE:C->Q             1   0.447   0.579  data_out_3 (data_out_3)
     OBUF:I->O                 2.571          data_out_3_OBUF (data_out<3>)
    ----------------------------------------
    Total                      3.597ns (3.018ns logic, 0.579ns route)
                                       (83.9% logic, 16.1% route)

=========================================================================

Cross Clock Domains Report:
--------------------------

Clock to Setup on destination clock clk
---------------+---------+---------+---------+---------+
               | Src:Rise| Src:Fall| Src:Rise| Src:Fall|
Source Clock   |Dest:Rise|Dest:Rise|Dest:Fall|Dest:Fall|
---------------+---------+---------+---------+---------+
IOput          |         |    1.770|         |         |
---------------+---------+---------+---------+---------+

=========================================================================


Total REAL time to Xst completion: 6.00 secs
Total CPU time to Xst completion: 5.17 secs
 
--> 

Total memory usage is 248120 kilobytes

Number of errors   :    0 (   0 filtered)
Number of warnings :   33 (   0 filtered)
Number of infos    :    0 (   0 filtered)

