Release 13.2 - xst O.61xd (nt64)
Copyright (c) 1995-2011 Xilinx, Inc.  All rights reserved.
--> Parameter TMPDIR set to xst/projnav.tmp


Total REAL time to Xst completion: 0.00 secs
Total CPU time to Xst completion: 0.08 secs
 
--> Parameter xsthdpdir set to xst


Total REAL time to Xst completion: 0.00 secs
Total CPU time to Xst completion: 0.08 secs
 
--> Reading design: cla_32_final.prj

TABLE OF CONTENTS
  1) Synthesis Options Summary
  2) HDL Parsing
  3) HDL Elaboration
  4) HDL Synthesis
       4.1) HDL Synthesis Report
  5) Advanced HDL Synthesis
       5.1) Advanced HDL Synthesis Report
  6) Low Level Synthesis
  7) Partition Report
  8) Design Summary
       8.1) Primitive and Black Box Usage
       8.2) Device utilization summary
       8.3) Partition Resource Summary
       8.4) Timing Report
            8.4.1) Clock Information
            8.4.2) Asynchronous Control Signals Information
            8.4.3) Timing Summary
            8.4.4) Timing Details
            8.4.5) Cross Clock Domains Report


=========================================================================
*                      Synthesis Options Summary                        *
=========================================================================
---- Source Parameters
Input File Name                    : "cla_32_final.prj"
Input Format                       : mixed
Ignore Synthesis Constraint File   : NO

---- Target Parameters
Output File Name                   : "cla_32_final"
Output Format                      : NGC
Target Device                      : xc6slx16-3-csg324

---- Source Options
Top Module Name                    : cla_32_final
Automatic FSM Extraction           : YES
FSM Encoding Algorithm             : Auto
Safe Implementation                : No
FSM Style                          : LUT
RAM Extraction                     : Yes
RAM Style                          : Auto
ROM Extraction                     : Yes
Shift Register Extraction          : YES
ROM Style                          : Auto
Resource Sharing                   : YES
Asynchronous To Synchronous        : NO
Shift Register Minimum Size        : 2
Use DSP Block                      : Auto
Automatic Register Balancing       : No

---- Target Options
LUT Combining                      : Auto
Reduce Control Sets                : Auto
Add IO Buffers                     : YES
Global Maximum Fanout              : 100000
Add Generic Clock Buffer(BUFG)     : 16
Register Duplication               : YES
Optimize Instantiated Primitives   : NO
Use Clock Enable                   : Auto
Use Synchronous Set                : Auto
Use Synchronous Reset              : Auto
Pack IO Registers into IOBs        : Auto
Equivalent register Removal        : YES

---- General Options
Optimization Goal                  : Speed
Optimization Effort                : 1
Power Reduction                    : NO
Keep Hierarchy                     : No
Netlist Hierarchy                  : As_Optimized
RTL Output                         : Yes
Global Optimization                : AllClockNets
Read Cores                         : YES
Write Timing Constraints           : NO
Cross Clock Analysis               : NO
Hierarchy Separator                : /
Bus Delimiter                      : <>
Case Specifier                     : Maintain
Slice Utilization Ratio            : 100
BRAM Utilization Ratio             : 100
DSP48 Utilization Ratio            : 100
Auto BRAM Packing                  : NO
Slice Utilization Ratio Delta      : 5

=========================================================================


=========================================================================
*                          HDL Parsing                                  *
=========================================================================
Analyzing Verilog file \"D:\Xilinx\workshop\example_5\sum_origin\g_p.v\" into library work
Parsing module <g_p>.
Analyzing Verilog file \"D:\Xilinx\workshop\example_5\sum_origin\cla_1.v\" into library work
Parsing module <cla_1>.
Analyzing Verilog file \"D:\Xilinx\workshop\example_5\sum_origin\cla_2.v\" into library work
Parsing module <cla_2>.
Analyzing Verilog file \"D:\Xilinx\workshop\example_5\sum_origin\cla_4.v\" into library work
Parsing module <cla_4>.
Analyzing Verilog file \"D:\Xilinx\workshop\example_5\sum_origin\cla_8.v\" into library work
Parsing module <cla_8>.
Analyzing Verilog file \"D:\Xilinx\workshop\example_5\sum_origin\cla_16.v\" into library work
Parsing module <cla_16>.
Analyzing Verilog file \"D:\Xilinx\workshop\example_5\sum_origin\cla_32.v\" into library work
Parsing module <cla_32>.
Analyzing Verilog file \"D:\Xilinx\workshop\example_5\sum_origin\cla_32_final.v\" into library work
Parsing module <cla_32_final>.

=========================================================================
*                            HDL Elaboration                            *
=========================================================================

Elaborating module <cla_32_final>.

Elaborating module <cla_32>.

Elaborating module <cla_16>.

Elaborating module <cla_8>.

Elaborating module <cla_4>.

Elaborating module <cla_2>.

Elaborating module <cla_1>.

Elaborating module <g_p>.
WARNING:HDLCompiler:1127 - "D:\Xilinx\workshop\example_5\sum_origin\cla_32_final.v" Line 30: Assignment to g ignored, since the identifier is never used

=========================================================================
*                           HDL Synthesis                               *
=========================================================================

Synthesizing Unit <cla_32_final>.
    Related source file is "d:/xilinx/workshop/example_5/sum_origin/cla_32_final.v".
INFO:Xst:3210 - "d:/xilinx/workshop/example_5/sum_origin/cla_32_final.v" line 30: Output port <g_out> of the instance <cla_320> is unconnected or connected to loadless signal.
INFO:Xst:3210 - "d:/xilinx/workshop/example_5/sum_origin/cla_32_final.v" line 30: Output port <p_out> of the instance <cla_320> is unconnected or connected to loadless signal.
    Summary:
	no macro.
Unit <cla_32_final> synthesized.

Synthesizing Unit <cla_32>.
    Related source file is "d:/xilinx/workshop/example_5/sum_origin/cla_32.v".
    Summary:
	no macro.
Unit <cla_32> synthesized.

Synthesizing Unit <cla_16>.
    Related source file is "d:/xilinx/workshop/example_5/sum_origin/cla_16.v".
    Summary:
	no macro.
Unit <cla_16> synthesized.

Synthesizing Unit <cla_8>.
    Related source file is "d:/xilinx/workshop/example_5/sum_origin/cla_8.v".
    Summary:
	no macro.
Unit <cla_8> synthesized.

Synthesizing Unit <cla_4>.
    Related source file is "d:/xilinx/workshop/example_5/sum_origin/cla_4.v".
    Summary:
	no macro.
Unit <cla_4> synthesized.

Synthesizing Unit <cla_2>.
    Related source file is "d:/xilinx/workshop/example_5/sum_origin/cla_2.v".
    Summary:
	no macro.
Unit <cla_2> synthesized.

Synthesizing Unit <cla_1>.
    Related source file is "d:/xilinx/workshop/example_5/sum_origin/cla_1.v".
    Summary:
Unit <cla_1> synthesized.

Synthesizing Unit <g_p>.
    Related source file is "d:/xilinx/workshop/example_5/sum_origin/g_p.v".
    Summary:
	no macro.
Unit <g_p> synthesized.

=========================================================================
HDL Synthesis Report

Macro Statistics
# Xors                                                 : 64
 1-bit xor2                                            : 64

=========================================================================

=========================================================================
*                       Advanced HDL Synthesis                          *
=========================================================================


=========================================================================
Advanced HDL Synthesis Report

Macro Statistics
# Xors                                                 : 64
 1-bit xor2                                            : 64

=========================================================================

=========================================================================
*                         Low Level Synthesis                           *
=========================================================================

Optimizing unit <cla_32_final> ...

Mapping all equations...
Building and optimizing final netlist ...
Found area constraint ratio of 100 (+ 5) on block cla_32_final, actual ratio is 0.

Final Macro Processing ...

=========================================================================
Final Register Report

Found no macro
=========================================================================

=========================================================================
*                           Partition Report                            *
=========================================================================

Partition Implementation Status
-------------------------------

  No Partitions were found in this design.

-------------------------------

=========================================================================
*                            Design Summary                             *
=========================================================================

Top Level Output File Name         : cla_32_final.ngc

Primitive and Black Box Usage:
------------------------------
# BELS                             : 47
#      LUT3                        : 16
#      LUT5                        : 31
# IO Buffers                       : 97
#      IBUF                        : 65
#      OBUF                        : 32

Device utilization summary:
---------------------------

Selected Device : 6slx16csg324-3 


Slice Logic Utilization: 
 Number of Slice LUTs:                   47  out of   9112     0%  
    Number used as Logic:                47  out of   9112     0%  

Slice Logic Distribution: 
 Number of LUT Flip Flop pairs used:     47
   Number with an unused Flip Flop:      47  out of     47   100%  
   Number with an unused LUT:             0  out of     47     0%  
   Number of fully used LUT-FF pairs:     0  out of     47     0%  
   Number of unique control sets:         0

IO Utilization: 
 Number of IOs:                          97
 Number of bonded IOBs:                  97  out of    232    41%  

Specific Feature Utilization:

---------------------------
Partition Resource Summary:
---------------------------

  No Partitions were found in this design.

---------------------------


=========================================================================
Timing Report

NOTE: THESE TIMING NUMBERS ARE ONLY A SYNTHESIS ESTIMATE.
      FOR ACCURATE TIMING INFORMATION PLEASE REFER TO THE TRACE REPORT
      GENERATED AFTER PLACE-and-ROUTE.

Clock Information:
------------------
No clock signals found in this design

Asynchronous Control Signals Information:
----------------------------------------
No asynchronous control signals found in this design

Timing Summary:
---------------
Speed Grade: -3

   Minimum period: No path found
   Minimum input arrival time before clock: No path found
   Maximum output required time after clock: No path found
   Maximum combinational path delay: 19.720ns

Timing Details:
---------------
All values displayed in nanoseconds (ns)

=========================================================================
Timing constraint: Default path analysis
  Total number of paths / destination ports: 1088 / 32
-------------------------------------------------------------------------
Delay:               19.720ns (Levels of Logic = 18)
  Source:            a<1> (PAD)
  Destination:       s<31> (PAD)

  Data Path: a<1> to s<31>
                                Gate     Net
    Cell:in->out      fanout   Delay   Delay  Logical Name (Net Name)
    ----------------------------------------  ------------
     IBUF:I->O             2   1.222   0.961  a_1_IBUF (a_1_IBUF)
     LUT5:I0->O            3   0.203   0.651  cla_320/cla_160/cla_80/cla_40/g_p4/c_out1 (cla_320/cla_160/cla_80/cla_40/c_out)
     LUT5:I4->O            3   0.205   0.755  cla_320/cla_160/cla_80/g_p2/c_out4 (cla_320/cla_160/cla_80/c_out)
     LUT5:I3->O            3   0.203   0.651  cla_320/cla_160/cla_80/cla_41/g_p4/c_out1 (cla_320/cla_160/cla_80/cla_41/c_out)
     LUT5:I4->O            3   0.205   0.755  cla_320/cla_160/g_p8/c_out (cla_320/cla_160/c_out)
     LUT5:I3->O            3   0.203   0.879  cla_320/cla_160/cla_81/cla_40/g_p4/c_out1 (cla_320/cla_160/cla_81/cla_40/c_out)
     LUT5:I2->O            3   0.205   0.755  cla_320/cla_160/cla_81/g_p2/c_out1 (cla_320/cla_160/cla_81/c_out)
     LUT5:I3->O            3   0.203   0.651  cla_320/cla_160/cla_81/cla_41/g_p4/c_out1 (cla_320/cla_160/cla_81/cla_41/c_out)
     LUT5:I4->O            3   0.205   0.879  cla_320/g_p16/c_out1 (cla_320/c_out)
     LUT5:I2->O            3   0.205   0.651  cla_320/cla_161/cla_80/cla_40/g_p4/c_out1 (cla_320/cla_161/cla_80/cla_40/c_out)
     LUT5:I4->O            3   0.205   0.755  cla_320/cla_161/cla_80/g_p2/c_out1 (cla_320/cla_161/cla_80/c_out)
     LUT5:I3->O            3   0.203   0.755  cla_320/cla_161/cla_80/cla_41/g_p4/c_out1 (cla_320/cla_161/cla_80/cla_41/c_out)
     LUT5:I3->O            3   0.203   0.755  cla_320/cla_161/g_p8/c_out1 (cla_320/cla_161/c_out)
     LUT5:I3->O            3   0.203   0.755  cla_320/cla_161/cla_81/cla_40/g_p4/c_out1 (cla_320/cla_161/cla_81/cla_40/c_out)
     LUT5:I3->O            3   0.203   0.755  cla_320/cla_161/cla_81/g_p2/c_out1 (cla_320/cla_161/cla_81/c_out)
     LUT5:I3->O            2   0.203   0.721  cla_320/cla_161/cla_81/cla_41/g_p4/c_out1 (cla_320/cla_161/cla_81/cla_41/c_out)
     LUT5:I3->O            1   0.203   0.579  cla_320/cla_161/cla_81/cla_41/cla_21/c1a_11/Mxor_s_xo<0>1 (s_31_OBUF)
     OBUF:I->O                 2.571          s_31_OBUF (s<31>)
    ----------------------------------------
    Total                     19.720ns (7.053ns logic, 12.667ns route)
                                       (35.8% logic, 64.2% route)

=========================================================================

Cross Clock Domains Report:
--------------------------

=========================================================================


Total REAL time to Xst completion: 5.00 secs
Total CPU time to Xst completion: 5.64 secs
 
--> 

Total memory usage is 246712 kilobytes

Number of errors   :    0 (   0 filtered)
Number of warnings :    1 (   0 filtered)
Number of infos    :    2 (   0 filtered)

