--------------------------------------------------------------------------------
Release 13.2 Trace  (nt64)
Copyright (c) 1995-2011 Xilinx, Inc.  All rights reserved.

D:\Xilinx\ISE_DS\ISE\bin\nt64\unwrapped\trce.exe -intstyle ise -v 3 -s 3 -n 3
-fastpaths -xml led2.twx led2.ncd -o led2.twr led2.pcf -ucf led2.ucf

Design file:              led2.ncd
Physical constraint file: led2.pcf
Device,package,speed:     xc6slx16,csg324,C,-3 (PRODUCTION 1.19 2011-06-20)
Report level:             verbose report

Environment Variable      Effect 
--------------------      ------ 
NONE                      No environment variables were set
--------------------------------------------------------------------------------

INFO:Timing:2698 - No timing constraints found, doing default enumeration.
INFO:Timing:2752 - To get complete path coverage, use the unconstrained paths 
   option. All paths that are not constrained will be reported in the 
   unconstrained paths section(s) of the report.
INFO:Timing:3339 - The clock-to-out numbers in this timing report are based on 
   a 50 Ohm transmission line loading model.  For the details of this model, 
   and for more information on accounting for different loading conditions, 
   please see the device datasheet.



Data Sheet report:
-----------------
All values displayed in nanoseconds (ns)

Pad to Pad
---------------+---------------+---------+
Source Pad     |Destination Pad|  Delay  |
---------------+---------------+---------+
dip<0>         |led<0>         |    6.419|
dip<1>         |led<1>         |    6.800|
dip<2>         |led<2>         |    6.452|
dip<3>         |led<3>         |    6.766|
dip<4>         |led<4>         |    6.112|
dip<5>         |led<5>         |    6.030|
dip<6>         |led<6>         |    6.101|
dip<7>         |led<7>         |    6.598|
---------------+---------------+---------+


Analysis completed Wed Oct 09 23:14:51 2013 
--------------------------------------------------------------------------------

Trace Settings:
-------------------------
Trace Settings 

Peak Memory Usage: 208 MB



