Release 13.2 - xst O.61xd (nt64)
Copyright (c) 1995-2011 Xilinx, Inc.  All rights reserved.
--> Parameter TMPDIR set to xst/projnav.tmp


Total REAL time to Xst completion: 0.00 secs
Total CPU time to Xst completion: 0.08 secs
 
--> Parameter xsthdpdir set to xst


Total REAL time to Xst completion: 0.00 secs
Total CPU time to Xst completion: 0.08 secs
 
--> Reading design: CPU.prj

TABLE OF CONTENTS
  1) Synthesis Options Summary
  2) HDL Parsing
  3) HDL Elaboration
  4) HDL Synthesis
       4.1) HDL Synthesis Report
  5) Advanced HDL Synthesis
       5.1) Advanced HDL Synthesis Report
  6) Low Level Synthesis
  7) Partition Report
  8) Design Summary
       8.1) Primitive and Black Box Usage
       8.2) Device utilization summary
       8.3) Partition Resource Summary
       8.4) Timing Report
            8.4.1) Clock Information
            8.4.2) Asynchronous Control Signals Information
            8.4.3) Timing Summary
            8.4.4) Timing Details
            8.4.5) Cross Clock Domains Report


=========================================================================
*                      Synthesis Options Summary                        *
=========================================================================
---- Source Parameters
Input File Name                    : "CPU.prj"
Input Format                       : mixed
Ignore Synthesis Constraint File   : NO

---- Target Parameters
Output File Name                   : "CPU"
Output Format                      : NGC
Target Device                      : xc6slx16-3-csg324

---- Source Options
Top Module Name                    : CPU
Automatic FSM Extraction           : YES
FSM Encoding Algorithm             : Auto
Safe Implementation                : No
FSM Style                          : LUT
RAM Extraction                     : Yes
RAM Style                          : Auto
ROM Extraction                     : Yes
Shift Register Extraction          : YES
ROM Style                          : Auto
Resource Sharing                   : YES
Asynchronous To Synchronous        : NO
Shift Register Minimum Size        : 2
Use DSP Block                      : Auto
Automatic Register Balancing       : No

---- Target Options
LUT Combining                      : Auto
Reduce Control Sets                : Auto
Add IO Buffers                     : YES
Global Maximum Fanout              : 100000
Add Generic Clock Buffer(BUFG)     : 16
Register Duplication               : YES
Optimize Instantiated Primitives   : NO
Use Clock Enable                   : Auto
Use Synchronous Set                : Auto
Use Synchronous Reset              : Auto
Pack IO Registers into IOBs        : Auto
Equivalent register Removal        : YES

---- General Options
Optimization Goal                  : Speed
Optimization Effort                : 1
Power Reduction                    : NO
Keep Hierarchy                     : No
Netlist Hierarchy                  : As_Optimized
RTL Output                         : Yes
Global Optimization                : AllClockNets
Read Cores                         : YES
Write Timing Constraints           : NO
Cross Clock Analysis               : NO
Hierarchy Separator                : /
Bus Delimiter                      : <>
Case Specifier                     : Maintain
Slice Utilization Ratio            : 100
BRAM Utilization Ratio             : 100
DSP48 Utilization Ratio            : 100
Auto BRAM Packing                  : NO
Slice Utilization Ratio Delta      : 5

=========================================================================


=========================================================================
*                          HDL Parsing                                  *
=========================================================================
Analyzing Verilog file \"D:\Xilinx\workshop\example_5\sum_origin\cla_1.v\" into library work
Parsing module <cla_1>.
Analyzing Verilog file \"D:\Xilinx\workshop\example_5\sum_origin\cla_2.v\" into library work
Parsing module <cla_2>.
Analyzing Verilog file \"D:\Xilinx\workshop\example_5\sum_origin\cla_4.v\" into library work
Parsing module <cla_4>.
Analyzing Verilog file \"D:\Xilinx\workshop\example_5\sum_origin\cla_8.v\" into library work
Parsing module <cla_8>.
Analyzing Verilog file \"D:\Xilinx\workshop\example_5\sum_origin\cla_16.v\" into library work
Parsing module <cla_16>.
Analyzing Verilog file \"D:\Xilinx\workshop\example_5\sum_origin\cla_32.v\" into library work
Parsing module <cla_32>.
Analyzing Verilog file \"D:\Xilinx\workshop\EX7_alu\shifter.v\" into library work
Parsing module <barrelshifter>.
Analyzing Verilog file \"D:\Xilinx\workshop\EX7_alu\mux4x32.v\" into library work
Parsing module <mux4x32>.
Analyzing Verilog file \"D:\Xilinx\workshop\example_5\sum_origin\cla_32_final.v\" into library work
Parsing module <cla_32_final>.
Analyzing Verilog file \"D:\Xilinx\workshop\EX7_alu\alu_module.v\" into library work
Parsing module <alu_module>.
Analyzing Verilog file \"D:\Xilinx\workshop\ex4\mux24a.v\" into library work
Parsing module <mux24a>.
Analyzing Verilog file \"D:\Xilinx\workshop\cpu_part\regfiles\regfile.v\" into library work
Parsing module <regfile>.
Analyzing Verilog file \"D:\Xilinx\workshop\cpu_part\ram\ram.v\" into library work
Parsing module <ram>.
Analyzing Verilog file \"D:\Xilinx\workshop\cpu_part\pcreg\pcreg.v\" into library work
Parsing module <pcreg>.
Analyzing Verilog file \"D:\Xilinx\workshop\cpu_part\extend\extend.v\" into library work
Parsing module <extend_16>.
Analyzing Verilog file \"D:\Xilinx\workshop\cpu\extend_5.v\" into library work
Parsing module <extend_5>.
Analyzing Verilog file \"D:\Xilinx\workshop\cpu\extend_18.v\" into library work
Parsing module <extend_18>.
Analyzing Verilog file \"D:\Xilinx\workshop\cpu\control.v\" into library work
Parsing module <control>.
Analyzing Verilog file \"D:\Xilinx\workshop\cpu\CPU.v\" into library work
Parsing module <CPU>.

=========================================================================
*                            HDL Elaboration                            *
=========================================================================
ERROR:HDLCompiler:329 - "D:\Xilinx\workshop\cpu\CPU.v" Line 38: Target <RSC> of concurrent assignment or output port connection should be a net type.
ERROR:HDLCompiler:329 - "D:\Xilinx\workshop\cpu\CPU.v" Line 39: Target <RDC> of concurrent assignment or output port connection should be a net type.
ERROR:HDLCompiler:329 - "D:\Xilinx\workshop\cpu\CPU.v" Line 42: Target <ext_5_output> of concurrent assignment or output port connection should be a net type.
ERROR:HDLCompiler:329 - "D:\Xilinx\workshop\cpu\CPU.v" Line 45: Target <ext_16_output> of concurrent assignment or output port connection should be a net type.
ERROR:HDLCompiler:329 - "D:\Xilinx\workshop\cpu\CPU.v" Line 48: Target <ext_18_output> of concurrent assignment or output port connection should be a net type.
ERROR:HDLCompiler:329 - "D:\Xilinx\workshop\cpu\CPU.v" Line 55: Target <m1_output> of concurrent assignment or output port connection should be a net type.
ERROR:HDLCompiler:329 - "D:\Xilinx\workshop\cpu\CPU.v" Line 57: Target <m2_output> of concurrent assignment or output port connection should be a net type.
ERROR:HDLCompiler:329 - "D:\Xilinx\workshop\cpu\CPU.v" Line 59: Target <m3_output> of concurrent assignment or output port connection should be a net type.
ERROR:HDLCompiler:329 - "D:\Xilinx\workshop\cpu\CPU.v" Line 61: Target <m4_output> of concurrent assignment or output port connection should be a net type.
ERROR:HDLCompiler:329 - "D:\Xilinx\workshop\cpu\CPU.v" Line 65: Target <m6_output> of concurrent assignment or output port connection should be a net type.
ERROR:HDLCompiler:329 - "D:\Xilinx\workshop\cpu\CPU.v" Line 68: Target <pc_out> of concurrent assignment or output port connection should be a net type.
ERROR:HDLCompiler:329 - "D:\Xilinx\workshop\cpu\CPU.v" Line 70: Target <RS_output> of concurrent assignment or output port connection should be a net type.
ERROR:HDLCompiler:329 - "D:\Xilinx\workshop\cpu\CPU.v" Line 73: Target <aluc_output> of concurrent assignment or output port connection should be a net type.
ERROR:HDLCompiler:329 - "D:\Xilinx\workshop\cpu\CPU.v" Line 78: Target <DMEM_output> of concurrent assignment or output port connection should be a net type.
ERROR:HDLCompiler:329 - "D:\Xilinx\workshop\cpu\CPU.v" Line 80: Target <add_output> of concurrent assignment or output port connection should be a net type.
ERROR:HDLCompiler:329 - "D:\Xilinx\workshop\cpu\CPU.v" Line 82: Target <NPC_output> of concurrent assignment or output port connection should be a net type.
--> 

Total memory usage is 194876 kilobytes

Number of errors   :   16 (   0 filtered)
Number of warnings :    0 (   0 filtered)
Number of infos    :    0 (   0 filtered)

