Release 13.2 - xst O.61xd (nt64)
Copyright (c) 1995-2011 Xilinx, Inc.  All rights reserved.
--> Parameter TMPDIR set to xst/projnav.tmp


Total REAL time to Xst completion: 0.00 secs
Total CPU time to Xst completion: 0.10 secs
 
--> Parameter xsthdpdir set to xst


Total REAL time to Xst completion: 0.00 secs
Total CPU time to Xst completion: 0.11 secs
 
--> Reading design: send.prj

TABLE OF CONTENTS
  1) Synthesis Options Summary
  2) HDL Parsing
  3) HDL Elaboration
  4) HDL Synthesis
       4.1) HDL Synthesis Report
  5) Advanced HDL Synthesis
       5.1) Advanced HDL Synthesis Report
  6) Low Level Synthesis
  7) Partition Report
  8) Design Summary
       8.1) Primitive and Black Box Usage
       8.2) Device utilization summary
       8.3) Partition Resource Summary
       8.4) Timing Report
            8.4.1) Clock Information
            8.4.2) Asynchronous Control Signals Information
            8.4.3) Timing Summary
            8.4.4) Timing Details
            8.4.5) Cross Clock Domains Report


=========================================================================
*                      Synthesis Options Summary                        *
=========================================================================
---- Source Parameters
Input File Name                    : "send.prj"
Input Format                       : mixed
Ignore Synthesis Constraint File   : NO

---- Target Parameters
Output File Name                   : "send"
Output Format                      : NGC
Target Device                      : xc6slx16-3-csg324

---- Source Options
Top Module Name                    : send
Automatic FSM Extraction           : YES
FSM Encoding Algorithm             : Auto
Safe Implementation                : No
FSM Style                          : LUT
RAM Extraction                     : Yes
RAM Style                          : Auto
ROM Extraction                     : Yes
Shift Register Extraction          : YES
ROM Style                          : Auto
Resource Sharing                   : YES
Asynchronous To Synchronous        : NO
Shift Register Minimum Size        : 2
Use DSP Block                      : Auto
Automatic Register Balancing       : No

---- Target Options
LUT Combining                      : Auto
Reduce Control Sets                : Auto
Add IO Buffers                     : YES
Global Maximum Fanout              : 100000
Add Generic Clock Buffer(BUFG)     : 16
Register Duplication               : YES
Optimize Instantiated Primitives   : NO
Use Clock Enable                   : Auto
Use Synchronous Set                : Auto
Use Synchronous Reset              : Auto
Pack IO Registers into IOBs        : Auto
Equivalent register Removal        : YES

---- General Options
Optimization Goal                  : Speed
Optimization Effort                : 1
Power Reduction                    : NO
Keep Hierarchy                     : No
Netlist Hierarchy                  : As_Optimized
RTL Output                         : Yes
Global Optimization                : AllClockNets
Read Cores                         : YES
Write Timing Constraints           : NO
Cross Clock Analysis               : NO
Hierarchy Separator                : /
Bus Delimiter                      : <>
Case Specifier                     : Maintain
Slice Utilization Ratio            : 100
BRAM Utilization Ratio             : 100
DSP48 Utilization Ratio            : 100
Auto BRAM Packing                  : NO
Slice Utilization Ratio Delta      : 5

=========================================================================


=========================================================================
*                          HDL Parsing                                  *
=========================================================================
Analyzing Verilog file \"D:\Xilinx\workshop\uart_send\send.v\" into library work
Parsing module <send>.

=========================================================================
*                            HDL Elaboration                            *
=========================================================================

Elaborating module <send>.

=========================================================================
*                           HDL Synthesis                               *
=========================================================================

Synthesizing Unit <send>.
    Related source file is "d:/xilinx/workshop/uart_send/send.v".
    Found 1-bit register for signal <tx>.
    Found 8-bit register for signal <ShiftReg>.
    Found 8-bit register for signal <cnt>.
    Found 1-bit register for signal <cnt_en>.
    Found 1-bit register for signal <BufFull>.
    Found 1-bit register for signal <TransEn_r>.
    Found 8-bit adder for signal <cnt[7]_GND_1_o_add_3_OUT> created at line 83.
    Summary:
	inferred   1 Adder/Subtractor(s).
	inferred  20 D-type flip-flop(s).
	inferred  11 Multiplexer(s).
Unit <send> synthesized.

=========================================================================
HDL Synthesis Report

Macro Statistics
# Adders/Subtractors                                   : 1
 8-bit adder                                           : 1
# Registers                                            : 6
 1-bit register                                        : 4
 8-bit register                                        : 2
# Multiplexers                                         : 11
 1-bit 2-to-1 multiplexer                              : 10
 8-bit 2-to-1 multiplexer                              : 1

=========================================================================

=========================================================================
*                       Advanced HDL Synthesis                          *
=========================================================================


Synthesizing (advanced) Unit <send>.
The following registers are absorbed into counter <cnt>: 1 register on signal <cnt>.
Unit <send> synthesized (advanced).

=========================================================================
Advanced HDL Synthesis Report

Macro Statistics
# Counters                                             : 1
 8-bit up counter                                      : 1
# Registers                                            : 12
 Flip-Flops                                            : 12
# Multiplexers                                         : 10
 1-bit 2-to-1 multiplexer                              : 10

=========================================================================

=========================================================================
*                         Low Level Synthesis                           *
=========================================================================
INFO:Xst:2261 - The FF/Latch <cnt_en> in Unit <send> is equivalent to the following FF/Latch, which will be removed : <BufFull> 
WARNING:Xst:2016 - Found a loop when searching source clock on port 'pos_tri:pos_tri'
Last warning will be issued only once.

Optimizing unit <send> ...

Mapping all equations...
Building and optimizing final netlist ...
Found area constraint ratio of 100 (+ 5) on block send, actual ratio is 0.

Final Macro Processing ...

=========================================================================
Final Register Report

Macro Statistics
# Registers                                            : 19
 Flip-Flops                                            : 19

=========================================================================

=========================================================================
*                           Partition Report                            *
=========================================================================

Partition Implementation Status
-------------------------------

  No Partitions were found in this design.

-------------------------------

=========================================================================
*                            Design Summary                             *
=========================================================================

Top Level Output File Name         : send.ngc

Primitive and Black Box Usage:
------------------------------
# BELS                             : 34
#      GND                         : 1
#      INV                         : 1
#      LUT2                        : 9
#      LUT3                        : 2
#      LUT4                        : 1
#      LUT5                        : 2
#      LUT6                        : 3
#      MUXCY                       : 7
#      XORCY                       : 8
# FlipFlops/Latches                : 19
#      FDC                         : 18
#      FDP                         : 1
# Clock Buffers                    : 1
#      BUFGP                       : 1
# IO Buffers                       : 12
#      IBUF                        : 10
#      OBUF                        : 2

Device utilization summary:
---------------------------

Selected Device : 6slx16csg324-3 


Slice Logic Utilization: 
 Number of Slice Registers:              11  out of  18224     0%  
 Number of Slice LUTs:                   18  out of   9112     0%  
    Number used as Logic:                18  out of   9112     0%  

Slice Logic Distribution: 
 Number of LUT Flip Flop pairs used:     18
   Number with an unused Flip Flop:       7  out of     18    38%  
   Number with an unused LUT:             0  out of     18     0%  
   Number of fully used LUT-FF pairs:    11  out of     18    61%  
   Number of unique control sets:         2

IO Utilization: 
 Number of IOs:                          13
 Number of bonded IOBs:                  13  out of    232     5%  
    IOB Flip Flops/Latches:               8

Specific Feature Utilization:
 Number of BUFG/BUFGCTRLs:                1  out of     16     6%  

---------------------------
Partition Resource Summary:
---------------------------

  No Partitions were found in this design.

---------------------------


=========================================================================
Timing Report

NOTE: THESE TIMING NUMBERS ARE ONLY A SYNTHESIS ESTIMATE.
      FOR ACCURATE TIMING INFORMATION PLEASE REFER TO THE TRACE REPORT
      GENERATED AFTER PLACE-and-ROUTE.

Clock Information:
------------------
-----------------------------------+------------------------+-------+
Clock Signal                       | Clock buffer(FF name)  | Load  |
-----------------------------------+------------------------+-------+
pos_tri(pos_tri1:O)                | NONE(*)(ShiftReg_0)    | 8     |
clk16x                             | BUFGP                  | 11    |
-----------------------------------+------------------------+-------+
(*) This 1 clock signal(s) are generated by combinatorial logic,
and XST is not able to identify which are the primary clock signals.
Please use the CLOCK_SIGNAL constraint to specify the clock signal(s) generated by combinatorial logic.
INFO:Xst:2169 - HDL ADVISOR - Some clock signals were not automatically buffered by XST with BUFG/BUFR resources. Please use the buffer_type constraint in order to insert these buffers to the clock signals to help prevent skew problems.

Asynchronous Control Signals Information:
----------------------------------------
No asynchronous control signals found in this design

Timing Summary:
---------------
Speed Grade: -3

   Minimum period: 3.325ns (Maximum Frequency: 300.720MHz)
   Minimum input arrival time before clock: 3.508ns
   Maximum output required time after clock: 3.950ns
   Maximum combinational path delay: No path found

Timing Details:
---------------
All values displayed in nanoseconds (ns)

=========================================================================
Timing constraint: Default period analysis for Clock 'clk16x'
  Clock period: 3.325ns (frequency: 300.720MHz)
  Total number of paths / destination ports: 106 / 10
-------------------------------------------------------------------------
Delay:               3.325ns (Levels of Logic = 3)
  Source:            cnt_3 (FF)
  Destination:       tx (FF)
  Source Clock:      clk16x rising
  Destination Clock: clk16x rising

  Data Path: cnt_3 to tx
                                Gate     Net
    Cell:in->out      fanout   Delay   Delay  Logical Name (Net Name)
    ----------------------------------------  ------------
     FDC:C->Q              2   0.447   0.864  cnt_3 (cnt_3)
     LUT4:I0->O            2   0.203   0.617  _n0109_inv11 (_n0109_inv1)
     LUT5:I4->O            1   0.205   0.684  _n0106_inv1 (_n0106_inv)
     LUT3:I1->O            1   0.203   0.000  tx_rstpot (tx_rstpot)
     FDP:D                     0.102          tx
    ----------------------------------------
    Total                      3.325ns (1.160ns logic, 2.165ns route)
                                       (34.9% logic, 65.1% route)

=========================================================================
Timing constraint: Default OFFSET IN BEFORE for Clock 'pos_tri'
  Total number of paths / destination ports: 16 / 16
-------------------------------------------------------------------------
Offset:              3.508ns (Levels of Logic = 2)
  Source:            rst_n (PAD)
  Destination:       ShiftReg_0 (FF)
  Destination Clock: pos_tri rising

  Data Path: rst_n to ShiftReg_0
                                Gate     Net
    Cell:in->out      fanout   Delay   Delay  Logical Name (Net Name)
    ----------------------------------------  ------------
     IBUF:I->O             1   1.222   0.579  rst_n_IBUF (rst_n_IBUF)
     INV:I->O             19   0.206   1.071  rst_n_inv1_INV_0 (rst_n_inv)
     FDC:CLR                   0.430          ShiftReg_0
    ----------------------------------------
    Total                      3.508ns (1.858ns logic, 1.650ns route)
                                       (53.0% logic, 47.0% route)

=========================================================================
Timing constraint: Default OFFSET IN BEFORE for Clock 'clk16x'
  Total number of paths / destination ports: 13 / 13
-------------------------------------------------------------------------
Offset:              3.508ns (Levels of Logic = 2)
  Source:            rst_n (PAD)
  Destination:       TransEn_r (FF)
  Destination Clock: clk16x rising

  Data Path: rst_n to TransEn_r
                                Gate     Net
    Cell:in->out      fanout   Delay   Delay  Logical Name (Net Name)
    ----------------------------------------  ------------
     IBUF:I->O             1   1.222   0.579  rst_n_IBUF (rst_n_IBUF)
     INV:I->O             19   0.206   1.071  rst_n_inv1_INV_0 (rst_n_inv)
     FDC:CLR                   0.430          TransEn_r
    ----------------------------------------
    Total                      3.508ns (1.858ns logic, 1.650ns route)
                                       (53.0% logic, 47.0% route)

=========================================================================
Timing constraint: Default OFFSET OUT AFTER for Clock 'clk16x'
  Total number of paths / destination ports: 2 / 2
-------------------------------------------------------------------------
Offset:              3.950ns (Levels of Logic = 1)
  Source:            cnt_en (FF)
  Destination:       BufFull (PAD)
  Source Clock:      clk16x rising

  Data Path: cnt_en to BufFull
                                Gate     Net
    Cell:in->out      fanout   Delay   Delay  Logical Name (Net Name)
    ----------------------------------------  ------------
     FDC:C->Q             13   0.447   0.932  cnt_en (cnt_en)
     OBUF:I->O                 2.571          BufFull_OBUF (BufFull)
    ----------------------------------------
    Total                      3.950ns (3.018ns logic, 0.932ns route)
                                       (76.4% logic, 23.6% route)

=========================================================================

Cross Clock Domains Report:
--------------------------

Clock to Setup on destination clock clk16x
---------------+---------+---------+---------+---------+
               | Src:Rise| Src:Fall| Src:Rise| Src:Fall|
Source Clock   |Dest:Rise|Dest:Rise|Dest:Fall|Dest:Fall|
---------------+---------+---------+---------+---------+
clk16x         |    3.325|         |         |         |
pos_tri        |    3.348|         |         |         |
---------------+---------+---------+---------+---------+

=========================================================================


Total REAL time to Xst completion: 5.00 secs
Total CPU time to Xst completion: 5.87 secs
 
--> 

Total memory usage is 246840 kilobytes

Number of errors   :    0 (   0 filtered)
Number of warnings :    0 (   0 filtered)
Number of infos    :    2 (   0 filtered)

