Release 13.2 - xst O.61xd (nt64)
Copyright (c) 1995-2011 Xilinx, Inc.  All rights reserved.
--> Parameter TMPDIR set to xst/projnav.tmp


Total REAL time to Xst completion: 0.00 secs
Total CPU time to Xst completion: 0.11 secs
 
--> Parameter xsthdpdir set to xst


Total REAL time to Xst completion: 0.00 secs
Total CPU time to Xst completion: 0.11 secs
 
--> Reading design: uart.prj

TABLE OF CONTENTS
  1) Synthesis Options Summary
  2) HDL Parsing
  3) HDL Elaboration
  4) HDL Synthesis
       4.1) HDL Synthesis Report
  5) Advanced HDL Synthesis
       5.1) Advanced HDL Synthesis Report
  6) Low Level Synthesis
  7) Partition Report
  8) Design Summary
       8.1) Primitive and Black Box Usage
       8.2) Device utilization summary
       8.3) Partition Resource Summary
       8.4) Timing Report
            8.4.1) Clock Information
            8.4.2) Asynchronous Control Signals Information
            8.4.3) Timing Summary
            8.4.4) Timing Details
            8.4.5) Cross Clock Domains Report


=========================================================================
*                      Synthesis Options Summary                        *
=========================================================================
---- Source Parameters
Input File Name                    : "uart.prj"
Input Format                       : mixed
Ignore Synthesis Constraint File   : NO

---- Target Parameters
Output File Name                   : "uart"
Output Format                      : NGC
Target Device                      : xc6slx16-3-csg324

---- Source Options
Top Module Name                    : uart
Automatic FSM Extraction           : YES
FSM Encoding Algorithm             : Auto
Safe Implementation                : No
FSM Style                          : LUT
RAM Extraction                     : Yes
RAM Style                          : Auto
ROM Extraction                     : Yes
Shift Register Extraction          : YES
ROM Style                          : Auto
Resource Sharing                   : YES
Asynchronous To Synchronous        : NO
Shift Register Minimum Size        : 2
Use DSP Block                      : Auto
Automatic Register Balancing       : No

---- Target Options
LUT Combining                      : Auto
Reduce Control Sets                : Auto
Add IO Buffers                     : YES
Global Maximum Fanout              : 100000
Add Generic Clock Buffer(BUFG)     : 16
Register Duplication               : YES
Optimize Instantiated Primitives   : NO
Use Clock Enable                   : Auto
Use Synchronous Set                : Auto
Use Synchronous Reset              : Auto
Pack IO Registers into IOBs        : Auto
Equivalent register Removal        : YES

---- General Options
Optimization Goal                  : Speed
Optimization Effort                : 1
Power Reduction                    : NO
Keep Hierarchy                     : No
Netlist Hierarchy                  : As_Optimized
RTL Output                         : Yes
Global Optimization                : AllClockNets
Read Cores                         : YES
Write Timing Constraints           : NO
Cross Clock Analysis               : NO
Hierarchy Separator                : /
Bus Delimiter                      : <>
Case Specifier                     : Maintain
Slice Utilization Ratio            : 100
BRAM Utilization Ratio             : 100
DSP48 Utilization Ratio            : 100
Auto BRAM Packing                  : NO
Slice Utilization Ratio Delta      : 5

=========================================================================


=========================================================================
*                          HDL Parsing                                  *
=========================================================================
Analyzing Verilog file \"G:/Uart/clkdiv.v\" into library work
Parsing module <clkdiv>.
Analyzing Verilog file \"G:/Uart/uart.v\" into library work
Parsing module <uart>.

=========================================================================
*                            HDL Elaboration                            *
=========================================================================

Elaborating module <uart>.

Elaborating module <clkdiv>.

=========================================================================
*                           HDL Synthesis                               *
=========================================================================

Synthesizing Unit <uart>.
    Related source file is "g:/uart/uart.v".
        paritymode = 1'b0
    Found 1-bit register for signal <rxfall>.
    Found 1-bit register for signal <receive>.
    Found 1-bit register for signal <idle>.
    Found 8-bit register for signal <cnt>.
    Found 1-bit register for signal <rdsig>.
    Found 8-bit register for signal <dataout>.
    Found 1-bit register for signal <frameerror>.
    Found 1-bit register for signal <wrsigbuf>.
    Found 1-bit register for signal <wrsigrise>.
    Found 1-bit register for signal <send>.
    Found 1-bit register for signal <tx>.
    Found 1-bit register for signal <idle_w>.
    Found 8-bit register for signal <cnt1>.
    Found 1-bit register for signal <rxbuf>.
    Found 8-bit adder for signal <cnt[7]_GND_1_o_add_5_OUT> created at line 76.
    Found 8-bit adder for signal <cnt1[7]_GND_1_o_add_45_OUT> created at line 208.
    Summary:
	inferred   2 Adder/Subtractor(s).
	inferred  35 D-type flip-flop(s).
	inferred   9 Multiplexer(s).
Unit <uart> synthesized.

Synthesizing Unit <clkdiv>.
    Related source file is "g:/uart/clkdiv.v".
    Found 25-bit register for signal <cnt>.
    Found 1-bit register for signal <clkout>.
    Found 25-bit adder for signal <cnt[24]_GND_2_o_add_4_OUT> created at line 44.
    Summary:
	inferred   1 Adder/Subtractor(s).
	inferred  26 D-type flip-flop(s).
Unit <clkdiv> synthesized.

=========================================================================
HDL Synthesis Report

Macro Statistics
# Adders/Subtractors                                   : 3
 25-bit adder                                          : 1
 8-bit adder                                           : 2
# Registers                                            : 16
 1-bit register                                        : 12
 25-bit register                                       : 1
 8-bit register                                        : 3
# Multiplexers                                         : 9
 1-bit 2-to-1 multiplexer                              : 9

=========================================================================

=========================================================================
*                       Advanced HDL Synthesis                          *
=========================================================================


Synthesizing (advanced) Unit <clkdiv>.
The following registers are absorbed into counter <cnt>: 1 register on signal <cnt>.
Unit <clkdiv> synthesized (advanced).

Synthesizing (advanced) Unit <uart>.
The following registers are absorbed into counter <cnt1>: 1 register on signal <cnt1>.
Unit <uart> synthesized (advanced).

=========================================================================
Advanced HDL Synthesis Report

Macro Statistics
# Adders/Subtractors                                   : 1
 8-bit adder                                           : 1
# Counters                                             : 2
 25-bit up counter                                     : 1
 8-bit up counter                                      : 1
# Registers                                            : 28
 Flip-Flops                                            : 28
# Multiplexers                                         : 9
 1-bit 2-to-1 multiplexer                              : 9

=========================================================================

=========================================================================
*                         Low Level Synthesis                           *
=========================================================================

Optimizing unit <uart> ...

Mapping all equations...
Building and optimizing final netlist ...
Found area constraint ratio of 100 (+ 5) on block uart, actual ratio is 1.

Final Macro Processing ...

=========================================================================
Final Register Report

Macro Statistics
# Registers                                            : 61
 Flip-Flops                                            : 61

=========================================================================

=========================================================================
*                           Partition Report                            *
=========================================================================

Partition Implementation Status
-------------------------------

  No Partitions were found in this design.

-------------------------------

=========================================================================
*                            Design Summary                             *
=========================================================================

Top Level Output File Name         : uart.ngc

Primitive and Black Box Usage:
------------------------------
# BELS                             : 183
#      GND                         : 1
#      INV                         : 5
#      LUT1                        : 31
#      LUT2                        : 32
#      LUT3                        : 4
#      LUT4                        : 6
#      LUT5                        : 4
#      LUT6                        : 34
#      MUXCY                       : 31
#      MUXF7                       : 1
#      VCC                         : 1
#      XORCY                       : 33
# FlipFlops/Latches                : 61
#      FD                          : 33
#      FDE                         : 8
#      FDR                         : 19
#      FDS                         : 1
# Clock Buffers                    : 2
#      BUFG                        : 1
#      BUFGP                       : 1
# IO Buffers                       : 22
#      IBUF                        : 10
#      OBUF                        : 12

Device utilization summary:
---------------------------

Selected Device : 6slx16csg324-3 


Slice Logic Utilization: 
 Number of Slice Registers:              61  out of  18224     0%  
 Number of Slice LUTs:                  116  out of   9112     1%  
    Number used as Logic:               116  out of   9112     1%  

Slice Logic Distribution: 
 Number of LUT Flip Flop pairs used:    117
   Number with an unused Flip Flop:      56  out of    117    47%  
   Number with an unused LUT:             1  out of    117     0%  
   Number of fully used LUT-FF pairs:    60  out of    117    51%  
   Number of unique control sets:         5

IO Utilization: 
 Number of IOs:                          23
 Number of bonded IOBs:                  23  out of    232     9%  

Specific Feature Utilization:
 Number of BUFG/BUFGCTRLs:                2  out of     16    12%  

---------------------------
Partition Resource Summary:
---------------------------

  No Partitions were found in this design.

---------------------------


=========================================================================
Timing Report

NOTE: THESE TIMING NUMBERS ARE ONLY A SYNTHESIS ESTIMATE.
      FOR ACCURATE TIMING INFORMATION PLEASE REFER TO THE TRACE REPORT
      GENERATED AFTER PLACE-and-ROUTE.

Clock Information:
------------------
-----------------------------------+------------------------+-------+
Clock Signal                       | Clock buffer(FF name)  | Load  |
-----------------------------------+------------------------+-------+
div/clkout                         | BUFG                   | 35    |
clkout                             | BUFGP                  | 26    |
-----------------------------------+------------------------+-------+

Asynchronous Control Signals Information:
----------------------------------------
No asynchronous control signals found in this design

Timing Summary:
---------------
Speed Grade: -3

   Minimum period: 3.981ns (Maximum Frequency: 251.218MHz)
   Minimum input arrival time before clock: 4.123ns
   Maximum output required time after clock: 3.668ns
   Maximum combinational path delay: No path found

Timing Details:
---------------
All values displayed in nanoseconds (ns)

=========================================================================
Timing constraint: Default period analysis for Clock 'div/clkout'
  Clock period: 3.243ns (frequency: 308.385MHz)
  Total number of paths / destination ports: 275 / 61
-------------------------------------------------------------------------
Delay:               3.243ns (Levels of Logic = 3)
  Source:            cnt1_4 (FF)
  Destination:       tx (FF)
  Source Clock:      div/clkout rising
  Destination Clock: div/clkout rising

  Data Path: cnt1_4 to tx
                                Gate     Net
    Cell:in->out      fanout   Delay   Delay  Logical Name (Net Name)
    ----------------------------------------  ------------
     FDR:C->Q              5   0.447   0.819  cnt1_4 (cnt1_4)
     LUT5:I3->O            1   0.203   0.684  Mmux__n017024_SW0 (N21)
     LUT6:I4->O            1   0.203   0.580  Mmux__n017024 (_n0170)
     LUT6:I5->O            1   0.205   0.000  tx_rstpot (tx_rstpot)
     FDS:D                     0.102          tx
    ----------------------------------------
    Total                      3.243ns (1.160ns logic, 2.083ns route)
                                       (35.8% logic, 64.2% route)

=========================================================================
Timing constraint: Default period analysis for Clock 'clkout'
  Clock period: 3.981ns (frequency: 251.218MHz)
  Total number of paths / destination ports: 1001 / 26
-------------------------------------------------------------------------
Delay:               3.981ns (Levels of Logic = 3)
  Source:            div/cnt_2 (FF)
  Destination:       div/cnt_0 (FF)
  Source Clock:      clkout rising
  Destination Clock: clkout rising

  Data Path: div/cnt_2 to div/cnt_0
                                Gate     Net
    Cell:in->out      fanout   Delay   Delay  Logical Name (Net Name)
    ----------------------------------------  ------------
     FD:C->Q               3   0.447   1.015  div/cnt_2 (div/cnt_2)
     LUT6:I0->O            2   0.203   0.845  div/_n0016_SW0 (N52)
     LUT6:I3->O           14   0.205   0.958  div/_n0016 (div/_n0016)
     LUT2:I1->O            1   0.205   0.000  div/cnt_0_rstpot (div/cnt_0_rstpot)
     FD:D                      0.102          div/cnt_0
    ----------------------------------------
    Total                      3.981ns (1.162ns logic, 2.819ns route)
                                       (29.2% logic, 70.8% route)

=========================================================================
Timing constraint: Default OFFSET IN BEFORE for Clock 'div/clkout'
  Total number of paths / destination ports: 21 / 14
-------------------------------------------------------------------------
Offset:              4.123ns (Levels of Logic = 4)
  Source:            datain<0> (PAD)
  Destination:       tx (FF)
  Destination Clock: div/clkout rising

  Data Path: datain<0> to tx
                                Gate     Net
    Cell:in->out      fanout   Delay   Delay  Logical Name (Net Name)
    ----------------------------------------  ------------
     IBUF:I->O             1   1.222   0.924  datain_0_IBUF (datain_0_IBUF)
     LUT5:I0->O            1   0.203   0.684  Mmux__n017024_SW0 (N21)
     LUT6:I4->O            1   0.203   0.580  Mmux__n017024 (_n0170)
     LUT6:I5->O            1   0.205   0.000  tx_rstpot (tx_rstpot)
     FDS:D                     0.102          tx
    ----------------------------------------
    Total                      4.123ns (1.935ns logic, 2.188ns route)
                                       (46.9% logic, 53.1% route)

=========================================================================
Timing constraint: Default OFFSET OUT AFTER for Clock 'div/clkout'
  Total number of paths / destination ports: 12 / 12
-------------------------------------------------------------------------
Offset:              3.668ns (Levels of Logic = 1)
  Source:            dataout_7 (FF)
  Destination:       dataout<7> (PAD)
  Source Clock:      div/clkout rising

  Data Path: dataout_7 to dataout<7>
                                Gate     Net
    Cell:in->out      fanout   Delay   Delay  Logical Name (Net Name)
    ----------------------------------------  ------------
     FDE:C->Q              3   0.447   0.650  dataout_7 (dataout_7)
     OBUF:I->O                 2.571          dataout_7_OBUF (dataout<7>)
    ----------------------------------------
    Total                      3.668ns (3.018ns logic, 0.650ns route)
                                       (82.3% logic, 17.7% route)

=========================================================================

Cross Clock Domains Report:
--------------------------

Clock to Setup on destination clock clkout
---------------+---------+---------+---------+---------+
               | Src:Rise| Src:Fall| Src:Rise| Src:Fall|
Source Clock   |Dest:Rise|Dest:Rise|Dest:Fall|Dest:Fall|
---------------+---------+---------+---------+---------+
clkout         |    3.981|         |         |         |
---------------+---------+---------+---------+---------+

Clock to Setup on destination clock div/clkout
---------------+---------+---------+---------+---------+
               | Src:Rise| Src:Fall| Src:Rise| Src:Fall|
Source Clock   |Dest:Rise|Dest:Rise|Dest:Fall|Dest:Fall|
---------------+---------+---------+---------+---------+
div/clkout     |    3.243|         |         |         |
---------------+---------+---------+---------+---------+

=========================================================================


Total REAL time to Xst completion: 6.00 secs
Total CPU time to Xst completion: 6.16 secs
 
--> 

Total memory usage is 247736 kilobytes

Number of errors   :    0 (   0 filtered)
Number of warnings :    0 (   0 filtered)
Number of infos    :    0 (   0 filtered)

