Release 13.2 - xst O.61xd (nt64)
Copyright (c) 1995-2011 Xilinx, Inc.  All rights reserved.
--> Parameter TMPDIR set to xst/projnav.tmp


Total REAL time to Xst completion: 1.00 secs
Total CPU time to Xst completion: 0.08 secs
 
--> Parameter xsthdpdir set to xst


Total REAL time to Xst completion: 1.00 secs
Total CPU time to Xst completion: 0.08 secs
 
--> Reading design: clk_div.prj

TABLE OF CONTENTS
  1) Synthesis Options Summary
  2) HDL Parsing
  3) HDL Elaboration
  4) HDL Synthesis
       4.1) HDL Synthesis Report
  5) Advanced HDL Synthesis
       5.1) Advanced HDL Synthesis Report
  6) Low Level Synthesis
  7) Partition Report
  8) Design Summary
       8.1) Primitive and Black Box Usage
       8.2) Device utilization summary
       8.3) Partition Resource Summary
       8.4) Timing Report
            8.4.1) Clock Information
            8.4.2) Asynchronous Control Signals Information
            8.4.3) Timing Summary
            8.4.4) Timing Details
            8.4.5) Cross Clock Domains Report


=========================================================================
*                      Synthesis Options Summary                        *
=========================================================================
---- Source Parameters
Input File Name                    : "clk_div.prj"
Input Format                       : mixed
Ignore Synthesis Constraint File   : NO

---- Target Parameters
Output File Name                   : "clk_div"
Output Format                      : NGC
Target Device                      : xc6slx16-3-csg324

---- Source Options
Top Module Name                    : clk_div
Automatic FSM Extraction           : YES
FSM Encoding Algorithm             : Auto
Safe Implementation                : No
FSM Style                          : LUT
RAM Extraction                     : Yes
RAM Style                          : Auto
ROM Extraction                     : Yes
Shift Register Extraction          : YES
ROM Style                          : Auto
Resource Sharing                   : YES
Asynchronous To Synchronous        : NO
Shift Register Minimum Size        : 2
Use DSP Block                      : Auto
Automatic Register Balancing       : No

---- Target Options
LUT Combining                      : Auto
Reduce Control Sets                : Auto
Add IO Buffers                     : YES
Global Maximum Fanout              : 100000
Add Generic Clock Buffer(BUFG)     : 16
Register Duplication               : YES
Optimize Instantiated Primitives   : NO
Use Clock Enable                   : Auto
Use Synchronous Set                : Auto
Use Synchronous Reset              : Auto
Pack IO Registers into IOBs        : Auto
Equivalent register Removal        : YES

---- General Options
Optimization Goal                  : Speed
Optimization Effort                : 1
Power Reduction                    : NO
Keep Hierarchy                     : No
Netlist Hierarchy                  : As_Optimized
RTL Output                         : Yes
Global Optimization                : AllClockNets
Read Cores                         : YES
Write Timing Constraints           : NO
Cross Clock Analysis               : NO
Hierarchy Separator                : /
Bus Delimiter                      : <>
Case Specifier                     : Maintain
Slice Utilization Ratio            : 100
BRAM Utilization Ratio             : 100
DSP48 Utilization Ratio            : 100
Auto BRAM Packing                  : NO
Slice Utilization Ratio Delta      : 5

=========================================================================


=========================================================================
*                          HDL Parsing                                  *
=========================================================================
Analyzing Verilog file \"D:\Xilinx\workshop\clk_div\clk_div.v\" into library work
Parsing module <clk_div>.

=========================================================================
*                            HDL Elaboration                            *
=========================================================================

Elaborating module <clk_div>.

=========================================================================
*                           HDL Synthesis                               *
=========================================================================

Synthesizing Unit <clk_div>.
    Related source file is "d:/xilinx/workshop/clk_div/clk_div.v".
        div_num = 50000
    Found 32-bit register for signal <cnt>.
    Found 1-bit register for signal <clkout>.
    Found 32-bit adder for signal <cnt[31]_GND_1_o_add_0_OUT> created at line 34.
    Summary:
	inferred   1 Adder/Subtractor(s).
	inferred  33 D-type flip-flop(s).
	inferred   2 Multiplexer(s).
Unit <clk_div> synthesized.

=========================================================================
HDL Synthesis Report

Macro Statistics
# Adders/Subtractors                                   : 1
 32-bit adder                                          : 1
# Registers                                            : 2
 1-bit register                                        : 1
 32-bit register                                       : 1
# Multiplexers                                         : 2
 32-bit 2-to-1 multiplexer                             : 2

=========================================================================

=========================================================================
*                       Advanced HDL Synthesis                          *
=========================================================================


=========================================================================
Advanced HDL Synthesis Report

Macro Statistics
# Adders/Subtractors                                   : 1
 32-bit adder                                          : 1
# Registers                                            : 33
 Flip-Flops                                            : 33
# Multiplexers                                         : 2
 32-bit 2-to-1 multiplexer                             : 2

=========================================================================

=========================================================================
*                         Low Level Synthesis                           *
=========================================================================

Optimizing unit <clk_div> ...

Mapping all equations...
Building and optimizing final netlist ...
Found area constraint ratio of 100 (+ 5) on block clk_div, actual ratio is 1.

Final Macro Processing ...

=========================================================================
Final Register Report

Macro Statistics
# Registers                                            : 33
 Flip-Flops                                            : 33

=========================================================================

=========================================================================
*                           Partition Report                            *
=========================================================================

Partition Implementation Status
-------------------------------

  No Partitions were found in this design.

-------------------------------

=========================================================================
*                            Design Summary                             *
=========================================================================

Top Level Output File Name         : clk_div.ngc

Primitive and Black Box Usage:
------------------------------
# BELS                             : 144
#      GND                         : 1
#      INV                         : 1
#      LUT1                        : 31
#      LUT2                        : 34
#      LUT3                        : 1
#      LUT4                        : 2
#      LUT5                        : 3
#      LUT6                        : 7
#      MUXCY                       : 31
#      VCC                         : 1
#      XORCY                       : 32
# FlipFlops/Latches                : 33
#      FD                          : 1
#      FDC                         : 32
# Clock Buffers                    : 1
#      BUFGP                       : 1
# IO Buffers                       : 2
#      IBUF                        : 1
#      OBUF                        : 1

Device utilization summary:
---------------------------

Selected Device : 6slx16csg324-3 


Slice Logic Utilization: 
 Number of Slice Registers:              33  out of  18224     0%  
 Number of Slice LUTs:                   79  out of   9112     0%  
    Number used as Logic:                79  out of   9112     0%  

Slice Logic Distribution: 
 Number of LUT Flip Flop pairs used:     79
   Number with an unused Flip Flop:      46  out of     79    58%  
   Number with an unused LUT:             0  out of     79     0%  
   Number of fully used LUT-FF pairs:    33  out of     79    41%  
   Number of unique control sets:         2

IO Utilization: 
 Number of IOs:                           3
 Number of bonded IOBs:                   3  out of    232     1%  

Specific Feature Utilization:
 Number of BUFG/BUFGCTRLs:                1  out of     16     6%  

---------------------------
Partition Resource Summary:
---------------------------

  No Partitions were found in this design.

---------------------------


=========================================================================
Timing Report

NOTE: THESE TIMING NUMBERS ARE ONLY A SYNTHESIS ESTIMATE.
      FOR ACCURATE TIMING INFORMATION PLEASE REFER TO THE TRACE REPORT
      GENERATED AFTER PLACE-and-ROUTE.

Clock Information:
------------------
-----------------------------------+------------------------+-------+
Clock Signal                       | Clock buffer(FF name)  | Load  |
-----------------------------------+------------------------+-------+
clk                                | BUFGP                  | 33    |
-----------------------------------+------------------------+-------+

Asynchronous Control Signals Information:
----------------------------------------
No asynchronous control signals found in this design

Timing Summary:
---------------
Speed Grade: -3

   Minimum period: 4.144ns (Maximum Frequency: 241.295MHz)
   Minimum input arrival time before clock: 4.521ns
   Maximum output required time after clock: 3.634ns
   Maximum combinational path delay: No path found

Timing Details:
---------------
All values displayed in nanoseconds (ns)

=========================================================================
Timing constraint: Default period analysis for Clock 'clk'
  Clock period: 4.144ns (frequency: 241.295MHz)
  Total number of paths / destination ports: 1592 / 33
-------------------------------------------------------------------------
Delay:               4.144ns (Levels of Logic = 3)
  Source:            cnt_30 (FF)
  Destination:       cnt_2 (FF)
  Source Clock:      clk rising
  Destination Clock: clk rising

  Data Path: cnt_30 to cnt_2
                                Gate     Net
    Cell:in->out      fanout   Delay   Delay  Logical Name (Net Name)
    ----------------------------------------  ------------
     FDC:C->Q              3   0.447   0.995  cnt_30 (cnt_30)
     LUT5:I0->O            2   0.203   0.961  cnt[31]_GND_1_o_equal_2_o<31>15_SW0 (N17)
     LUT6:I1->O           17   0.203   1.028  Mmux_cnt[31]_cnt[31]_mux_4_OUT110 (Mmux_cnt[31]_cnt[31]_mux_4_OUT110)
     LUT2:I1->O            1   0.205   0.000  Mmux_cnt[31]_cnt[31]_mux_4_OUT321 (cnt[31]_cnt[31]_mux_4_OUT<9>)
     FDC:D                     0.102          cnt_9
    ----------------------------------------
    Total                      4.144ns (1.160ns logic, 2.984ns route)
                                       (28.0% logic, 72.0% route)

=========================================================================
Timing constraint: Default OFFSET IN BEFORE for Clock 'clk'
  Total number of paths / destination ports: 34 / 33
-------------------------------------------------------------------------
Offset:              4.521ns (Levels of Logic = 4)
  Source:            rst (PAD)
  Destination:       clkout (FF)
  Destination Clock: clk rising

  Data Path: rst to clkout
                                Gate     Net
    Cell:in->out      fanout   Delay   Delay  Logical Name (Net Name)
    ----------------------------------------  ------------
     IBUF:I->O            34   1.222   1.321  rst_IBUF (rst_IBUF)
     LUT4:I3->O            1   0.205   0.580  _n0020_SW0_SW0 (N13)
     LUT5:I4->O            1   0.205   0.684  clkout_rstpot_SW0 (N19)
     LUT6:I4->O            1   0.203   0.000  clkout_rstpot (clkout_rstpot)
     FD:D                      0.102          clkout
    ----------------------------------------
    Total                      4.521ns (1.937ns logic, 2.584ns route)
                                       (42.8% logic, 57.2% route)

=========================================================================
Timing constraint: Default OFFSET OUT AFTER for Clock 'clk'
  Total number of paths / destination ports: 1 / 1
-------------------------------------------------------------------------
Offset:              3.634ns (Levels of Logic = 1)
  Source:            clkout (FF)
  Destination:       clkout (PAD)
  Source Clock:      clk rising

  Data Path: clkout to clkout
                                Gate     Net
    Cell:in->out      fanout   Delay   Delay  Logical Name (Net Name)
    ----------------------------------------  ------------
     FD:C->Q               2   0.447   0.616  clkout (clkout_OBUF)
     OBUF:I->O                 2.571          clkout_OBUF (clkout)
    ----------------------------------------
    Total                      3.634ns (3.018ns logic, 0.616ns route)
                                       (83.0% logic, 17.0% route)

=========================================================================

Cross Clock Domains Report:
--------------------------

Clock to Setup on destination clock clk
---------------+---------+---------+---------+---------+
               | Src:Rise| Src:Fall| Src:Rise| Src:Fall|
Source Clock   |Dest:Rise|Dest:Rise|Dest:Fall|Dest:Fall|
---------------+---------+---------+---------+---------+
clk            |    4.144|         |         |         |
---------------+---------+---------+---------+---------+

=========================================================================


Total REAL time to Xst completion: 6.00 secs
Total CPU time to Xst completion: 5.49 secs
 
--> 

Total memory usage is 246776 kilobytes

Number of errors   :    0 (   0 filtered)
Number of warnings :    0 (   0 filtered)
Number of infos    :    0 (   0 filtered)

