Release 13.2 - xst O.61xd (nt64)
Copyright (c) 1995-2011 Xilinx, Inc.  All rights reserved.
--> Parameter TMPDIR set to xst/projnav.tmp


Total REAL time to Xst completion: 0.00 secs
Total CPU time to Xst completion: 0.08 secs
 
--> Parameter xsthdpdir set to xst


Total REAL time to Xst completion: 0.00 secs
Total CPU time to Xst completion: 0.08 secs
 
--> Reading design: extend.prj

TABLE OF CONTENTS
  1) Synthesis Options Summary
  2) HDL Parsing
  3) HDL Elaboration
  4) HDL Synthesis
       4.1) HDL Synthesis Report
  5) Advanced HDL Synthesis
       5.1) Advanced HDL Synthesis Report
  6) Low Level Synthesis
  7) Partition Report
  8) Design Summary
       8.1) Primitive and Black Box Usage
       8.2) Device utilization summary
       8.3) Partition Resource Summary
       8.4) Timing Report
            8.4.1) Clock Information
            8.4.2) Asynchronous Control Signals Information
            8.4.3) Timing Summary
            8.4.4) Timing Details
            8.4.5) Cross Clock Domains Report


=========================================================================
*                      Synthesis Options Summary                        *
=========================================================================
---- Source Parameters
Input File Name                    : "extend.prj"
Input Format                       : mixed
Ignore Synthesis Constraint File   : NO

---- Target Parameters
Output File Name                   : "extend"
Output Format                      : NGC
Target Device                      : xc6slx16-3-csg324

---- Source Options
Top Module Name                    : extend
Automatic FSM Extraction           : YES
FSM Encoding Algorithm             : Auto
Safe Implementation                : No
FSM Style                          : LUT
RAM Extraction                     : Yes
RAM Style                          : Auto
ROM Extraction                     : Yes
Shift Register Extraction          : YES
ROM Style                          : Auto
Resource Sharing                   : YES
Asynchronous To Synchronous        : NO
Shift Register Minimum Size        : 2
Use DSP Block                      : Auto
Automatic Register Balancing       : No

---- Target Options
LUT Combining                      : Auto
Reduce Control Sets                : Auto
Add IO Buffers                     : YES
Global Maximum Fanout              : 100000
Add Generic Clock Buffer(BUFG)     : 16
Register Duplication               : YES
Optimize Instantiated Primitives   : NO
Use Clock Enable                   : Auto
Use Synchronous Set                : Auto
Use Synchronous Reset              : Auto
Pack IO Registers into IOBs        : Auto
Equivalent register Removal        : YES

---- General Options
Optimization Goal                  : Speed
Optimization Effort                : 1
Power Reduction                    : NO
Keep Hierarchy                     : No
Netlist Hierarchy                  : As_Optimized
RTL Output                         : Yes
Global Optimization                : AllClockNets
Read Cores                         : YES
Write Timing Constraints           : NO
Cross Clock Analysis               : NO
Hierarchy Separator                : /
Bus Delimiter                      : <>
Case Specifier                     : Maintain
Slice Utilization Ratio            : 100
BRAM Utilization Ratio             : 100
DSP48 Utilization Ratio            : 100
Auto BRAM Packing                  : NO
Slice Utilization Ratio Delta      : 5

=========================================================================


=========================================================================
*                          HDL Parsing                                  *
=========================================================================
Analyzing Verilog file \"D:\Xilinx\workshop\extend_board\extend_board.v\" into library work
Parsing module <extend>.

=========================================================================
*                            HDL Elaboration                            *
=========================================================================

Elaborating module <extend>.
WARNING:HDLCompiler:91 - "D:\Xilinx\workshop\extend_board\extend_board.v" Line 51: Signal <a> missing in the sensitivity list is added for synthesis purposes. HDL and post-synthesis simulations may differ as a result.
WARNING:HDLCompiler:91 - "D:\Xilinx\workshop\extend_board\extend_board.v" Line 57: Signal <a> missing in the sensitivity list is added for synthesis purposes. HDL and post-synthesis simulations may differ as a result.
WARNING:HDLCompiler:91 - "D:\Xilinx\workshop\extend_board\extend_board.v" Line 67: Signal <a> missing in the sensitivity list is added for synthesis purposes. HDL and post-synthesis simulations may differ as a result.

=========================================================================
*                           HDL Synthesis                               *
=========================================================================

Synthesizing Unit <extend>.
    Related source file is "d:/xilinx/workshop/extend_board/extend_board.v".
WARNING:Xst:647 - Input <ena> is never used. This port will be preserved and left unconnected if it belongs to a top-level block or it belongs to a sub-block and the hierarchy of this sub-block is preserved.
    Found 1-bit register for signal <a<15>>.
    Found 1-bit register for signal <a<14>>.
    Found 1-bit register for signal <a<13>>.
    Found 1-bit register for signal <a<12>>.
    Found 1-bit register for signal <a<11>>.
    Found 1-bit register for signal <a<10>>.
    Found 1-bit register for signal <a<9>>.
    Found 1-bit register for signal <a<8>>.
    Found 1-bit register for signal <a<7>>.
    Found 1-bit register for signal <a<6>>.
    Found 1-bit register for signal <a<5>>.
    Found 1-bit register for signal <a<4>>.
    Found 1-bit register for signal <a<3>>.
    Found 1-bit register for signal <a<2>>.
    Found 1-bit register for signal <a<1>>.
    Found 1-bit register for signal <a<0>>.
    Found 4-bit register for signal <data_out>.
    Found 6-bit adder for signal <n0194> created at line 84.
    Found 6-bit adder for signal <n0195> created at line 84.
    Found 6-bit adder for signal <n0196> created at line 84.
    Found 1-bit 17-to-1 multiplexer for signal <number[2]_b[31]_Mux_16_o> created at line 84.
    Found 1-bit 17-to-1 multiplexer for signal <number[2]_b[31]_Mux_18_o> created at line 84.
    Found 1-bit 17-to-1 multiplexer for signal <number[2]_b[31]_Mux_20_o> created at line 84.
    Found 1-bit 17-to-1 multiplexer for signal <number[2]_b[31]_Mux_22_o> created at line 84.
    Found 5-bit comparator lessequal for signal <n0000> created at line 38
    Found 6-bit comparator lessequal for signal <n0035> created at line 38
    Found 6-bit comparator lessequal for signal <n0070> created at line 38
    Found 6-bit comparator lessequal for signal <n0105> created at line 38
    Summary:
	inferred   3 Adder/Subtractor(s).
	inferred  20 D-type flip-flop(s).
	inferred   4 Comparator(s).
	inferred  53 Multiplexer(s).
Unit <extend> synthesized.

=========================================================================
HDL Synthesis Report

Macro Statistics
# Adders/Subtractors                                   : 3
 6-bit adder                                           : 3
# Registers                                            : 17
 1-bit register                                        : 16
 4-bit register                                        : 1
# Comparators                                          : 4
 5-bit comparator lessequal                            : 1
 6-bit comparator lessequal                            : 3
# Multiplexers                                         : 53
 1-bit 17-to-1 multiplexer                             : 4
 1-bit 2-to-1 multiplexer                              : 49

=========================================================================

=========================================================================
*                       Advanced HDL Synthesis                          *
=========================================================================


=========================================================================
Advanced HDL Synthesis Report

Macro Statistics
# Adders/Subtractors                                   : 3
 6-bit adder                                           : 3
# Registers                                            : 20
 Flip-Flops                                            : 20
# Comparators                                          : 4
 5-bit comparator lessequal                            : 1
 6-bit comparator lessequal                            : 3
# Multiplexers                                         : 53
 1-bit 17-to-1 multiplexer                             : 4
 1-bit 2-to-1 multiplexer                              : 49

=========================================================================

=========================================================================
*                         Low Level Synthesis                           *
=========================================================================

Optimizing unit <extend> ...

Mapping all equations...
Building and optimizing final netlist ...
Found area constraint ratio of 100 (+ 5) on block extend, actual ratio is 0.

Final Macro Processing ...

=========================================================================
Final Register Report

Macro Statistics
# Registers                                            : 20
 Flip-Flops                                            : 20

=========================================================================

=========================================================================
*                           Partition Report                            *
=========================================================================

Partition Implementation Status
-------------------------------

  No Partitions were found in this design.

-------------------------------

=========================================================================
*                            Design Summary                             *
=========================================================================

Top Level Output File Name         : extend.ngc

Primitive and Black Box Usage:
------------------------------
# BELS                             : 24
#      LUT3                        : 4
#      LUT4                        : 4
#      LUT5                        : 12
#      LUT6                        : 4
# FlipFlops/Latches                : 20
#      FD                          : 4
#      FDE                         : 16
# Clock Buffers                    : 2
#      BUFGP                       : 2
# IO Buffers                       : 12
#      IBUF                        : 8
#      OBUF                        : 4

Device utilization summary:
---------------------------

Selected Device : 6slx16csg324-3 


Slice Logic Utilization: 
 Number of Slice Registers:              16  out of  18224     0%  
 Number of Slice LUTs:                   24  out of   9112     0%  
    Number used as Logic:                24  out of   9112     0%  

Slice Logic Distribution: 
 Number of LUT Flip Flop pairs used:     26
   Number with an unused Flip Flop:      10  out of     26    38%  
   Number with an unused LUT:             2  out of     26     7%  
   Number of fully used LUT-FF pairs:    14  out of     26    53%  
   Number of unique control sets:         5

IO Utilization: 
 Number of IOs:                          15
 Number of bonded IOBs:                  14  out of    232     6%  
    IOB Flip Flops/Latches:               4

Specific Feature Utilization:
 Number of BUFG/BUFGCTRLs:                2  out of     16    12%  

---------------------------
Partition Resource Summary:
---------------------------

  No Partitions were found in this design.

---------------------------


=========================================================================
Timing Report

NOTE: THESE TIMING NUMBERS ARE ONLY A SYNTHESIS ESTIMATE.
      FOR ACCURATE TIMING INFORMATION PLEASE REFER TO THE TRACE REPORT
      GENERATED AFTER PLACE-and-ROUTE.

Clock Information:
------------------
-----------------------------------+------------------------+-------+
Clock Signal                       | Clock buffer(FF name)  | Load  |
-----------------------------------+------------------------+-------+
input_a                            | BUFGP                  | 16    |
output_result                      | BUFGP                  | 4     |
-----------------------------------+------------------------+-------+

Asynchronous Control Signals Information:
----------------------------------------
No asynchronous control signals found in this design

Timing Summary:
---------------
Speed Grade: -3

   Minimum period: No path found
   Minimum input arrival time before clock: 3.997ns
   Maximum output required time after clock: 3.597ns
   Maximum combinational path delay: No path found

Timing Details:
---------------
All values displayed in nanoseconds (ns)

=========================================================================
Timing constraint: Default OFFSET IN BEFORE for Clock 'input_a'
  Total number of paths / destination ports: 112 / 32
-------------------------------------------------------------------------
Offset:              3.753ns (Levels of Logic = 2)
  Source:            number<2> (PAD)
  Destination:       a_14 (FF)
  Destination Clock: input_a rising

  Data Path: number<2> to a_14
                                Gate     Net
    Cell:in->out      fanout   Delay   Delay  Logical Name (Net Name)
    ----------------------------------------  ------------
     IBUF:I->O            20   1.222   1.321  number_2_IBUF (number_2_IBUF)
     LUT3:I0->O            4   0.205   0.683  Mmux_number[2]_b[31]_Mux_22_o111 (Mmux_number[2]_b[31]_Mux_22_o11)
     FDE:CE                    0.322          a_12
    ----------------------------------------
    Total                      3.753ns (1.749ns logic, 2.004ns route)
                                       (46.6% logic, 53.4% route)

=========================================================================
Timing constraint: Default OFFSET IN BEFORE for Clock 'output_result'
  Total number of paths / destination ports: 16 / 4
-------------------------------------------------------------------------
Offset:              3.997ns (Levels of Logic = 3)
  Source:            number<1> (PAD)
  Destination:       data_out_0 (FF)
  Destination Clock: output_result rising

  Data Path: number<1> to data_out_0
                                Gate     Net
    Cell:in->out      fanout   Delay   Delay  Logical Name (Net Name)
    ----------------------------------------  ------------
     IBUF:I->O            20   1.222   1.457  number_1_IBUF (number_1_IBUF)
     LUT6:I0->O            1   0.203   0.808  Mmux_number[2]_b[31]_Mux_22_o1_SW0 (N5)
     LUT4:I1->O            1   0.205   0.000  Mmux_number[2]_b[31]_Mux_22_o1 (number[2]_b[31]_Mux_22_o)
     FD:D                      0.102          data_out_3
    ----------------------------------------
    Total                      3.997ns (1.732ns logic, 2.265ns route)
                                       (43.3% logic, 56.7% route)

=========================================================================
Timing constraint: Default OFFSET OUT AFTER for Clock 'output_result'
  Total number of paths / destination ports: 4 / 4
-------------------------------------------------------------------------
Offset:              3.597ns (Levels of Logic = 1)
  Source:            data_out_3 (FF)
  Destination:       data_out<3> (PAD)
  Source Clock:      output_result rising

  Data Path: data_out_3 to data_out<3>
                                Gate     Net
    Cell:in->out      fanout   Delay   Delay  Logical Name (Net Name)
    ----------------------------------------  ------------
     FD:C->Q               1   0.447   0.579  data_out_3 (data_out_3)
     OBUF:I->O                 2.571          data_out_3_OBUF (data_out<3>)
    ----------------------------------------
    Total                      3.597ns (3.018ns logic, 0.579ns route)
                                       (83.9% logic, 16.1% route)

=========================================================================

Cross Clock Domains Report:
--------------------------

Clock to Setup on destination clock output_result
---------------+---------+---------+---------+---------+
               | Src:Rise| Src:Fall| Src:Rise| Src:Fall|
Source Clock   |Dest:Rise|Dest:Rise|Dest:Fall|Dest:Fall|
---------------+---------+---------+---------+---------+
input_a        |    2.710|         |         |         |
---------------+---------+---------+---------+---------+

=========================================================================


Total REAL time to Xst completion: 6.00 secs
Total CPU time to Xst completion: 5.32 secs
 
--> 

Total memory usage is 247416 kilobytes

Number of errors   :    0 (   0 filtered)
Number of warnings :    4 (   0 filtered)
Number of infos    :    0 (   0 filtered)

