--------------------------------------------------------------------------------
Release 13.2 Trace  (nt64)
Copyright (c) 1995-2011 Xilinx, Inc.  All rights reserved.

D:\Xilinx\ISE_DS\ISE\bin\nt64\unwrapped\trce.exe -intstyle ise -v 3 -s 3 -n 3
-fastpaths -xml extend.twx extend.ncd -o extend.twr extend.pcf -ucf
extend_ucf.ucf

Design file:              extend.ncd
Physical constraint file: extend.pcf
Device,package,speed:     xc6slx16,csg324,C,-3 (PRODUCTION 1.19 2011-06-20)
Report level:             verbose report

Environment Variable      Effect 
--------------------      ------ 
NONE                      No environment variables were set
--------------------------------------------------------------------------------

INFO:Timing:2698 - No timing constraints found, doing default enumeration.
INFO:Timing:2752 - To get complete path coverage, use the unconstrained paths 
   option. All paths that are not constrained will be reported in the 
   unconstrained paths section(s) of the report.
INFO:Timing:3339 - The clock-to-out numbers in this timing report are based on 
   a 50 Ohm transmission line loading model.  For the details of this model, 
   and for more information on accounting for different loading conditions, 
   please see the device datasheet.



Data Sheet report:
-----------------
All values displayed in nanoseconds (ns)

Setup/Hold to clock input_a
------------+------------+------------+------------+------------+------------------+--------+
            |Max Setup to|  Process   |Max Hold to |  Process   |                  | Clock  |
Source      | clk (edge) |   Corner   | clk (edge) |   Corner   |Internal Clock(s) | Phase  |
------------+------------+------------+------------+------------+------------------+--------+
data_in<0>  |    0.482(R)|      FAST  |    2.460(R)|      SLOW  |input_a_BUFGP     |   0.000|
data_in<1>  |    0.037(R)|      FAST  |    2.127(R)|      SLOW  |input_a_BUFGP     |   0.000|
data_in<2>  |   -0.253(R)|      FAST  |    2.393(R)|      SLOW  |input_a_BUFGP     |   0.000|
data_in<3>  |    0.628(R)|      FAST  |    1.630(R)|      SLOW  |input_a_BUFGP     |   0.000|
number<0>   |    0.440(R)|      FAST  |    2.321(R)|      SLOW  |input_a_BUFGP     |   0.000|
number<1>   |    0.569(R)|      FAST  |    2.255(R)|      SLOW  |input_a_BUFGP     |   0.000|
number<2>   |    0.327(R)|      FAST  |    2.185(R)|      SLOW  |input_a_BUFGP     |   0.000|
------------+------------+------------+------------+------------+------------------+--------+

Setup/Hold to clock output_result
------------+------------+------------+------------+------------+-------------------+--------+
            |Max Setup to|  Process   |Max Hold to |  Process   |                   | Clock  |
Source      | clk (edge) |   Corner   | clk (edge) |   Corner   |Internal Clock(s)  | Phase  |
------------+------------+------------+------------+------------+-------------------+--------+
number<0>   |    3.536(R)|      SLOW  |   -1.762(R)|      FAST  |output_result_BUFGP|   0.000|
number<1>   |    3.932(R)|      SLOW  |   -1.478(R)|      FAST  |output_result_BUFGP|   0.000|
number<2>   |    2.928(R)|      SLOW  |   -1.625(R)|      FAST  |output_result_BUFGP|   0.000|
sext        |    5.055(R)|      SLOW  |   -2.794(R)|      FAST  |output_result_BUFGP|   0.000|
------------+------------+------------+------------+------------+-------------------+--------+

Clock output_result to Pad
------------+-----------------+------------+-----------------+------------+-------------------+--------+
            |Max (slowest) clk|  Process   |Min (fastest) clk|  Process   |                   | Clock  |
Destination |  (edge) to PAD  |   Corner   |  (edge) to PAD  |   Corner   |Internal Clock(s)  | Phase  |
------------+-----------------+------------+-----------------+------------+-------------------+--------+
data_out<0> |         6.328(R)|      SLOW  |         2.992(R)|      FAST  |output_result_BUFGP|   0.000|
data_out<1> |         6.328(R)|      SLOW  |         2.992(R)|      FAST  |output_result_BUFGP|   0.000|
data_out<2> |         6.378(R)|      SLOW  |         3.042(R)|      FAST  |output_result_BUFGP|   0.000|
data_out<3> |         6.378(R)|      SLOW  |         3.042(R)|      FAST  |output_result_BUFGP|   0.000|
------------+-----------------+------------+-----------------+------------+-------------------+--------+

Clock to Setup on destination clock output_result
---------------+---------+---------+---------+---------+
               | Src:Rise| Src:Fall| Src:Rise| Src:Fall|
Source Clock   |Dest:Rise|Dest:Rise|Dest:Fall|Dest:Fall|
---------------+---------+---------+---------+---------+
input_a        |    6.497|         |         |         |
---------------+---------+---------+---------+---------+


Analysis completed Mon Nov 04 20:05:33 2013 
--------------------------------------------------------------------------------

Trace Settings:
-------------------------
Trace Settings 

Peak Memory Usage: 208 MB



