--------------------------------------------------------------------------------
Release 13.2 Trace  (nt64)
Copyright (c) 1995-2011 Xilinx, Inc.  All rights reserved.

D:\Xilinx\ISE_DS\ISE\bin\nt64\unwrapped\trce.exe -intstyle ise -v 3 -s 3 -n 3
-fastpaths -xml mux24a.twx mux24a.ncd -o mux24a.twr mux24a.pcf -ucf
mux24a_ucf.ucf

Design file:              mux24a.ncd
Physical constraint file: mux24a.pcf
Device,package,speed:     xc6slx16,csg324,C,-3 (PRODUCTION 1.19 2011-06-20)
Report level:             verbose report

Environment Variable      Effect 
--------------------      ------ 
NONE                      No environment variables were set
--------------------------------------------------------------------------------

INFO:Timing:2698 - No timing constraints found, doing default enumeration.
INFO:Timing:2752 - To get complete path coverage, use the unconstrained paths 
   option. All paths that are not constrained will be reported in the 
   unconstrained paths section(s) of the report.
INFO:Timing:3339 - The clock-to-out numbers in this timing report are based on 
   a 50 Ohm transmission line loading model.  For the details of this model, 
   and for more information on accounting for different loading conditions, 
   please see the device datasheet.



Data Sheet report:
-----------------
All values displayed in nanoseconds (ns)

Pad to Pad
---------------+---------------+---------+
Source Pad     |Destination Pad|  Delay  |
---------------+---------------+---------+
a<0>           |y<0>           |    7.605|
a<1>           |y<1>           |    7.260|
a<2>           |y<2>           |    6.854|
a<3>           |y<3>           |    7.328|
b<0>           |y<0>           |    7.951|
b<1>           |y<1>           |    7.212|
b<2>           |y<2>           |    6.696|
b<3>           |y<3>           |    7.612|
select         |y<0>           |   10.977|
select         |y<1>           |   10.805|
select         |y<2>           |   10.499|
select         |y<3>           |   10.502|
---------------+---------------+---------+


Analysis completed Fri Nov 01 08:16:44 2013 
--------------------------------------------------------------------------------

Trace Settings:
-------------------------
Trace Settings 

Peak Memory Usage: 208 MB



