--------------------------------------------------------------------------------
Release 13.2 Trace  (nt64)
Copyright (c) 1995-2011 Xilinx, Inc.  All rights reserved.

D:\Xilinx\ISE_DS\ISE\bin\nt64\unwrapped\trce.exe -intstyle ise -v 3 -s 3 -n 3
-fastpaths -xml ram.twx ram.ncd -o ram.twr ram.pcf

Design file:              ram.ncd
Physical constraint file: ram.pcf
Device,package,speed:     xc6slx16,csg324,C,-3 (PRODUCTION 1.19 2011-06-20)
Report level:             verbose report

Environment Variable      Effect 
--------------------      ------ 
NONE                      No environment variables were set
--------------------------------------------------------------------------------

INFO:Timing:2698 - No timing constraints found, doing default enumeration.
INFO:Timing:2752 - To get complete path coverage, use the unconstrained paths 
   option. All paths that are not constrained will be reported in the 
   unconstrained paths section(s) of the report.
INFO:Timing:3339 - The clock-to-out numbers in this timing report are based on 
   a 50 Ohm transmission line loading model.  For the details of this model, 
   and for more information on accounting for different loading conditions, 
   please see the device datasheet.



Data Sheet report:
-----------------
All values displayed in nanoseconds (ns)

Setup/Hold to clock clk
------------+------------+------------+------------+------------+------------------+--------+
            |Max Setup to|  Process   |Max Hold to |  Process   |                  | Clock  |
Source      | clk (edge) |   Corner   | clk (edge) |   Corner   |Internal Clock(s) | Phase  |
------------+------------+------------+------------+------------+------------------+--------+
addr<0>     |    3.491(R)|      SLOW  |   -1.011(R)|      FAST  |clk_BUFGP         |   0.000|
addr<1>     |    4.191(R)|      SLOW  |   -1.468(R)|      FAST  |clk_BUFGP         |   0.000|
addr<2>     |    3.298(R)|      SLOW  |   -1.007(R)|      SLOW  |clk_BUFGP         |   0.000|
addr<3>     |    4.282(R)|      SLOW  |   -1.549(R)|      FAST  |clk_BUFGP         |   0.000|
addr<4>     |    3.269(R)|      SLOW  |   -0.763(R)|      SLOW  |clk_BUFGP         |   0.000|
data_in<0>  |    2.684(R)|      SLOW  |   -1.537(R)|      FAST  |clk_BUFGP         |   0.000|
data_in<1>  |    3.083(R)|      SLOW  |   -1.523(R)|      FAST  |clk_BUFGP         |   0.000|
data_in<2>  |    3.298(R)|      SLOW  |   -1.576(R)|      FAST  |clk_BUFGP         |   0.000|
data_in<3>  |    3.015(R)|      SLOW  |   -1.693(R)|      FAST  |clk_BUFGP         |   0.000|
data_in<4>  |    3.334(R)|      SLOW  |   -1.943(R)|      FAST  |clk_BUFGP         |   0.000|
data_in<5>  |    2.493(R)|      SLOW  |   -1.373(R)|      FAST  |clk_BUFGP         |   0.000|
data_in<6>  |    3.115(R)|      SLOW  |   -1.435(R)|      FAST  |clk_BUFGP         |   0.000|
data_in<7>  |    2.723(R)|      SLOW  |   -1.302(R)|      FAST  |clk_BUFGP         |   0.000|
data_in<8>  |    3.153(R)|      SLOW  |   -1.609(R)|      FAST  |clk_BUFGP         |   0.000|
data_in<9>  |    3.104(R)|      SLOW  |   -1.401(R)|      FAST  |clk_BUFGP         |   0.000|
data_in<10> |    2.695(R)|      SLOW  |   -1.338(R)|      FAST  |clk_BUFGP         |   0.000|
data_in<11> |    2.715(R)|      SLOW  |   -1.180(R)|      FAST  |clk_BUFGP         |   0.000|
data_in<12> |    2.458(R)|      SLOW  |   -1.279(R)|      FAST  |clk_BUFGP         |   0.000|
data_in<13> |    2.675(R)|      SLOW  |   -1.212(R)|      FAST  |clk_BUFGP         |   0.000|
data_in<14> |    2.375(R)|      SLOW  |   -1.344(R)|      FAST  |clk_BUFGP         |   0.000|
data_in<15> |    2.724(R)|      SLOW  |   -1.301(R)|      FAST  |clk_BUFGP         |   0.000|
data_in<16> |    2.354(R)|      SLOW  |   -1.422(R)|      FAST  |clk_BUFGP         |   0.000|
data_in<17> |    2.770(R)|      SLOW  |   -1.222(R)|      FAST  |clk_BUFGP         |   0.000|
data_in<18> |    2.791(R)|      SLOW  |   -1.374(R)|      FAST  |clk_BUFGP         |   0.000|
data_in<19> |    2.456(R)|      SLOW  |   -1.018(R)|      FAST  |clk_BUFGP         |   0.000|
data_in<20> |    2.852(R)|      SLOW  |   -1.300(R)|      FAST  |clk_BUFGP         |   0.000|
data_in<21> |    2.389(R)|      SLOW  |   -1.244(R)|      FAST  |clk_BUFGP         |   0.000|
data_in<22> |    3.055(R)|      SLOW  |   -1.574(R)|      FAST  |clk_BUFGP         |   0.000|
data_in<23> |    2.055(R)|      SLOW  |   -0.954(R)|      FAST  |clk_BUFGP         |   0.000|
data_in<24> |    2.518(R)|      SLOW  |   -1.011(R)|      FAST  |clk_BUFGP         |   0.000|
data_in<25> |    2.596(R)|      SLOW  |   -1.438(R)|      FAST  |clk_BUFGP         |   0.000|
data_in<26> |    2.452(R)|      SLOW  |   -1.248(R)|      FAST  |clk_BUFGP         |   0.000|
data_in<27> |    2.168(R)|      SLOW  |   -1.094(R)|      FAST  |clk_BUFGP         |   0.000|
data_in<28> |    2.287(R)|      SLOW  |   -1.034(R)|      FAST  |clk_BUFGP         |   0.000|
data_in<29> |    2.168(R)|      SLOW  |   -1.045(R)|      FAST  |clk_BUFGP         |   0.000|
data_in<30> |    3.091(R)|      SLOW  |   -1.336(R)|      FAST  |clk_BUFGP         |   0.000|
data_in<31> |    2.471(R)|      SLOW  |   -1.364(R)|      FAST  |clk_BUFGP         |   0.000|
ram_ena     |    3.208(R)|      SLOW  |   -1.488(R)|      SLOW  |clk_BUFGP         |   0.000|
wena        |    4.421(R)|      SLOW  |   -1.846(R)|      FAST  |clk_BUFGP         |   0.000|
------------+------------+------------+------------+------------+------------------+--------+

Clock clk to Pad
------------+-----------------+------------+-----------------+------------+------------------+--------+
            |Max (slowest) clk|  Process   |Min (fastest) clk|  Process   |                  | Clock  |
Destination |  (edge) to PAD  |   Corner   |  (edge) to PAD  |   Corner   |Internal Clock(s) | Phase  |
------------+-----------------+------------+-----------------+------------+------------------+--------+
data_out<0> |         8.786(R)|      SLOW  |         4.770(R)|      FAST  |clk_BUFGP         |   0.000|
data_out<1> |         8.697(R)|      SLOW  |         4.734(R)|      FAST  |clk_BUFGP         |   0.000|
data_out<2> |         8.722(R)|      SLOW  |         4.741(R)|      FAST  |clk_BUFGP         |   0.000|
data_out<3> |         8.552(R)|      SLOW  |         4.576(R)|      FAST  |clk_BUFGP         |   0.000|
data_out<4> |         8.635(R)|      SLOW  |         4.616(R)|      FAST  |clk_BUFGP         |   0.000|
data_out<5> |         8.806(R)|      SLOW  |         4.749(R)|      FAST  |clk_BUFGP         |   0.000|
data_out<6> |         8.907(R)|      SLOW  |         4.830(R)|      FAST  |clk_BUFGP         |   0.000|
data_out<7> |         9.039(R)|      SLOW  |         4.901(R)|      FAST  |clk_BUFGP         |   0.000|
data_out<8> |         8.810(R)|      SLOW  |         4.735(R)|      FAST  |clk_BUFGP         |   0.000|
data_out<9> |         8.893(R)|      SLOW  |         4.793(R)|      FAST  |clk_BUFGP         |   0.000|
data_out<10>|         8.943(R)|      SLOW  |         4.843(R)|      FAST  |clk_BUFGP         |   0.000|
data_out<11>|         9.059(R)|      SLOW  |         4.915(R)|      FAST  |clk_BUFGP         |   0.000|
data_out<12>|         9.276(R)|      SLOW  |         5.022(R)|      FAST  |clk_BUFGP         |   0.000|
data_out<13>|         8.888(R)|      SLOW  |         4.788(R)|      FAST  |clk_BUFGP         |   0.000|
data_out<14>|         9.142(R)|      SLOW  |         4.970(R)|      FAST  |clk_BUFGP         |   0.000|
data_out<15>|         8.982(R)|      SLOW  |         4.874(R)|      FAST  |clk_BUFGP         |   0.000|
data_out<16>|         9.287(R)|      SLOW  |         5.085(R)|      FAST  |clk_BUFGP         |   0.000|
data_out<17>|         9.101(R)|      SLOW  |         4.934(R)|      FAST  |clk_BUFGP         |   0.000|
data_out<18>|         9.168(R)|      SLOW  |         4.986(R)|      FAST  |clk_BUFGP         |   0.000|
data_out<19>|         9.158(R)|      SLOW  |         5.017(R)|      FAST  |clk_BUFGP         |   0.000|
data_out<20>|         9.238(R)|      SLOW  |         5.041(R)|      FAST  |clk_BUFGP         |   0.000|
data_out<21>|         9.419(R)|      SLOW  |         5.168(R)|      FAST  |clk_BUFGP         |   0.000|
data_out<22>|         9.469(R)|      SLOW  |         5.218(R)|      FAST  |clk_BUFGP         |   0.000|
data_out<23>|         9.310(R)|      SLOW  |         5.105(R)|      FAST  |clk_BUFGP         |   0.000|
data_out<24>|         9.616(R)|      SLOW  |         5.317(R)|      FAST  |clk_BUFGP         |   0.000|
data_out<25>|         9.403(R)|      SLOW  |         5.135(R)|      FAST  |clk_BUFGP         |   0.000|
data_out<26>|         9.527(R)|      SLOW  |         5.246(R)|      FAST  |clk_BUFGP         |   0.000|
data_out<27>|         9.437(R)|      SLOW  |         5.197(R)|      FAST  |clk_BUFGP         |   0.000|
data_out<28>|         8.741(R)|      SLOW  |         4.712(R)|      FAST  |clk_BUFGP         |   0.000|
data_out<29>|         8.804(R)|      SLOW  |         4.767(R)|      FAST  |clk_BUFGP         |   0.000|
data_out<30>|         8.926(R)|      SLOW  |         4.825(R)|      FAST  |clk_BUFGP         |   0.000|
data_out<31>|         8.825(R)|      SLOW  |         4.746(R)|      FAST  |clk_BUFGP         |   0.000|
------------+-----------------+------------+-----------------+------------+------------------+--------+

Clock to Setup on destination clock clk
---------------+---------+---------+---------+---------+
               | Src:Rise| Src:Fall| Src:Rise| Src:Fall|
Source Clock   |Dest:Rise|Dest:Rise|Dest:Fall|Dest:Fall|
---------------+---------+---------+---------+---------+
clk            |    2.047|         |         |         |
---------------+---------+---------+---------+---------+


Analysis completed Sun Nov 03 19:21:08 2013 
--------------------------------------------------------------------------------

Trace Settings:
-------------------------
Trace Settings 

Peak Memory Usage: 208 MB



